<?xml version="1.0" encoding="UTF-8"?>
<!-- Generated by org.testng.reporters.JUnitXMLReporter -->
<testsuite ignored="0" hostname="Dineshs-MacBook-Pro.local" failures="368" tests="368" name="FirefoxTest" time="16.239" errors="0" timestamp="2025-07-04T01:09:44 EDT">
  <testcase classname="io.cucumber.testng.AbstractTestNGCucumberTests" name="runScenario" time="0.404">
    <failure type="java.lang.IllegalArgumentException" message="Browser not supported: firefox">
      <![CDATA[java.lang.IllegalArgumentException: Browser not supported: firefox
at webdriver.DriverFactory.init_driver(DriverFactory.java:26)
at hooks.Hooks.launchbrowser(Hooks.java:42)
]]>
    </failure>
  </testcase> <!-- runScenario -->
  <testcase classname="io.cucumber.testng.AbstractTestNGCucumberTests" name="runScenario" time="0.024">
    <failure type="java.lang.IllegalArgumentException" message="Browser not supported: firefox">
      <![CDATA[java.lang.IllegalArgumentException: Browser not supported: firefox
at webdriver.DriverFactory.init_driver(DriverFactory.java:26)
at hooks.Hooks.launchbrowser(Hooks.java:42)
]]>
    </failure>
  </testcase> <!-- runScenario -->
  <testcase classname="io.cucumber.testng.AbstractTestNGCucumberTests" name="runScenario" time="0.014">
    <failure type="java.lang.IllegalArgumentException" message="Browser not supported: firefox">
      <![CDATA[java.lang.IllegalArgumentException: Browser not supported: firefox
at webdriver.DriverFactory.init_driver(DriverFactory.java:26)
at hooks.Hooks.launchbrowser(Hooks.java:42)
]]>
    </failure>
  </testcase> <!-- runScenario -->
  <testcase classname="io.cucumber.testng.AbstractTestNGCucumberTests" name="runScenario" time="0.024">
    <failure type="java.lang.IllegalArgumentException" message="Browser not supported: firefox">
      <![CDATA[java.lang.IllegalArgumentException: Browser not supported: firefox
at webdriver.DriverFactory.init_driver(DriverFactory.java:26)
at hooks.Hooks.launchbrowser(Hooks.java:42)
]]>
    </failure>
  </testcase> <!-- runScenario -->
  <testcase classname="io.cucumber.testng.AbstractTestNGCucumberTests" name="runScenario" time="0.022">
    <failure type="java.lang.IllegalArgumentException" message="Browser not supported: firefox">
      <![CDATA[java.lang.IllegalArgumentException: Browser not supported: firefox
at webdriver.DriverFactory.init_driver(DriverFactory.java:26)
at hooks.Hooks.launchbrowser(Hooks.java:42)
]]>
    </failure>
  </testcase> <!-- runScenario -->
  <testcase classname="io.cucumber.testng.AbstractTestNGCucumberTests" name="runScenario" time="0.023">
    <failure type="java.lang.IllegalArgumentException" message="Browser not supported: firefox">
      <![CDATA[java.lang.IllegalArgumentException: Browser not supported: firefox
at webdriver.DriverFactory.init_driver(DriverFactory.java:26)
at hooks.Hooks.launchbrowser(Hooks.java:42)
]]>
    </failure>
  </testcase> <!-- runScenario -->
  <testcase classname="io.cucumber.testng.AbstractTestNGCucumberTests" name="runScenario" time="0.038">
    <failure type="java.lang.IllegalArgumentException" message="Browser not supported: firefox">
      <![CDATA[java.lang.IllegalArgumentException: Browser not supported: firefox
at webdriver.DriverFactory.init_driver(DriverFactory.java:26)
at hooks.Hooks.launchbrowser(Hooks.java:42)
]]>
    </failure>
  </testcase> <!-- runScenario -->
  <testcase classname="io.cucumber.testng.AbstractTestNGCucumberTests" name="runScenario" time="0.027">
    <failure type="java.lang.IllegalArgumentException" message="Browser not supported: firefox">
      <![CDATA[java.lang.IllegalArgumentException: Browser not supported: firefox
at webdriver.DriverFactory.init_driver(DriverFactory.java:26)
at hooks.Hooks.launchbrowser(Hooks.java:42)
]]>
    </failure>
  </testcase> <!-- runScenario -->
  <testcase classname="io.cucumber.testng.AbstractTestNGCucumberTests" name="runScenario" time="0.032">
    <failure type="java.lang.IllegalArgumentException" message="Browser not supported: firefox">
      <![CDATA[java.lang.IllegalArgumentException: Browser not supported: firefox
at webdriver.DriverFactory.init_driver(DriverFactory.java:26)
at hooks.Hooks.launchbrowser(Hooks.java:42)
]]>
    </failure>
  </testcase> <!-- runScenario -->
  <testcase classname="io.cucumber.testng.AbstractTestNGCucumberTests" name="runScenario" time="0.021">
    <failure type="java.lang.IllegalArgumentException" message="Browser not supported: firefox">
      <![CDATA[java.lang.IllegalArgumentException: Browser not supported: firefox
at webdriver.DriverFactory.init_driver(DriverFactory.java:26)
at hooks.Hooks.launchbrowser(Hooks.java:42)
]]>
    </failure>
  </testcase> <!-- runScenario -->
  <testcase classname="io.cucumber.testng.AbstractTestNGCucumberTests" name="runScenario" time="0.027">
    <failure type="java.lang.IllegalArgumentException" message="Browser not supported: firefox">
      <![CDATA[java.lang.IllegalArgumentException: Browser not supported: firefox
at webdriver.DriverFactory.init_driver(DriverFactory.java:26)
at hooks.Hooks.launchbrowser(Hooks.java:42)
]]>
    </failure>
  </testcase> <!-- runScenario -->
  <testcase classname="io.cucumber.testng.AbstractTestNGCucumberTests" name="runScenario" time="0.02">
    <failure type="java.lang.IllegalArgumentException" message="Browser not supported: firefox">
      <![CDATA[java.lang.IllegalArgumentException: Browser not supported: firefox
at webdriver.DriverFactory.init_driver(DriverFactory.java:26)
at hooks.Hooks.launchbrowser(Hooks.java:42)
]]>
    </failure>
  </testcase> <!-- runScenario -->
  <testcase classname="io.cucumber.testng.AbstractTestNGCucumberTests" name="runScenario" time="0.015">
    <failure type="java.lang.IllegalArgumentException" message="Browser not supported: firefox">
      <![CDATA[java.lang.IllegalArgumentException: Browser not supported: firefox
at webdriver.DriverFactory.init_driver(DriverFactory.java:26)
at hooks.Hooks.launchbrowser(Hooks.java:42)
]]>
    </failure>
  </testcase> <!-- runScenario -->
  <testcase classname="io.cucumber.testng.AbstractTestNGCucumberTests" name="runScenario" time="0.017">
    <failure type="java.lang.IllegalArgumentException" message="Browser not supported: firefox">
      <![CDATA[java.lang.IllegalArgumentException: Browser not supported: firefox
at webdriver.DriverFactory.init_driver(DriverFactory.java:26)
at hooks.Hooks.launchbrowser(Hooks.java:42)
]]>
    </failure>
  </testcase> <!-- runScenario -->
  <testcase classname="io.cucumber.testng.AbstractTestNGCucumberTests" name="runScenario" time="0.021">
    <failure type="java.lang.IllegalArgumentException" message="Browser not supported: firefox">
      <![CDATA[java.lang.IllegalArgumentException: Browser not supported: firefox
at webdriver.DriverFactory.init_driver(DriverFactory.java:26)
at hooks.Hooks.launchbrowser(Hooks.java:42)
]]>
    </failure>
  </testcase> <!-- runScenario -->
  <testcase classname="io.cucumber.testng.AbstractTestNGCucumberTests" name="runScenario" time="0.017">
    <failure type="java.lang.IllegalArgumentException" message="Browser not supported: firefox">
      <![CDATA[java.lang.IllegalArgumentException: Browser not supported: firefox
at webdriver.DriverFactory.init_driver(DriverFactory.java:26)
at hooks.Hooks.launchbrowser(Hooks.java:42)
]]>
    </failure>
  </testcase> <!-- runScenario -->
  <testcase classname="io.cucumber.testng.AbstractTestNGCucumberTests" name="runScenario" time="0.024">
    <failure type="java.lang.IllegalArgumentException" message="Browser not supported: firefox">
      <![CDATA[java.lang.IllegalArgumentException: Browser not supported: firefox
at webdriver.DriverFactory.init_driver(DriverFactory.java:26)
at hooks.Hooks.launchbrowser(Hooks.java:42)
]]>
    </failure>
  </testcase> <!-- runScenario -->
  <testcase classname="io.cucumber.testng.AbstractTestNGCucumberTests" name="runScenario" time="0.016">
    <failure type="java.lang.IllegalArgumentException" message="Browser not supported: firefox">
      <![CDATA[java.lang.IllegalArgumentException: Browser not supported: firefox
at webdriver.DriverFactory.init_driver(DriverFactory.java:26)
at hooks.Hooks.launchbrowser(Hooks.java:42)
]]>
    </failure>
  </testcase> <!-- runScenario -->
  <testcase classname="io.cucumber.testng.AbstractTestNGCucumberTests" name="runScenario" time="0.021">
    <failure type="java.lang.IllegalArgumentException" message="Browser not supported: firefox">
      <![CDATA[java.lang.IllegalArgumentException: Browser not supported: firefox
at webdriver.DriverFactory.init_driver(DriverFactory.java:26)
at hooks.Hooks.launchbrowser(Hooks.java:42)
]]>
    </failure>
  </testcase> <!-- runScenario -->
  <testcase classname="io.cucumber.testng.AbstractTestNGCucumberTests" name="runScenario" time="0.017">
    <failure type="java.lang.IllegalArgumentException" message="Browser not supported: firefox">
      <![CDATA[java.lang.IllegalArgumentException: Browser not supported: firefox
at webdriver.DriverFactory.init_driver(DriverFactory.java:26)
at hooks.Hooks.launchbrowser(Hooks.java:42)
]]>
    </failure>
  </testcase> <!-- runScenario -->
  <testcase classname="io.cucumber.testng.AbstractTestNGCucumberTests" name="runScenario" time="0.018">
    <failure type="java.lang.IllegalArgumentException" message="Browser not supported: firefox">
      <![CDATA[java.lang.IllegalArgumentException: Browser not supported: firefox
at webdriver.DriverFactory.init_driver(DriverFactory.java:26)
at hooks.Hooks.launchbrowser(Hooks.java:42)
]]>
    </failure>
  </testcase> <!-- runScenario -->
  <testcase classname="io.cucumber.testng.AbstractTestNGCucumberTests" name="runScenario" time="0.019">
    <failure type="java.lang.IllegalArgumentException" message="Browser not supported: firefox">
      <![CDATA[java.lang.IllegalArgumentException: Browser not supported: firefox
at webdriver.DriverFactory.init_driver(DriverFactory.java:26)
at hooks.Hooks.launchbrowser(Hooks.java:42)
]]>
    </failure>
  </testcase> <!-- runScenario -->
  <testcase classname="io.cucumber.testng.AbstractTestNGCucumberTests" name="runScenario" time="0.015">
    <failure type="java.lang.IllegalArgumentException" message="Browser not supported: firefox">
      <![CDATA[java.lang.IllegalArgumentException: Browser not supported: firefox
at webdriver.DriverFactory.init_driver(DriverFactory.java:26)
at hooks.Hooks.launchbrowser(Hooks.java:42)
]]>
    </failure>
  </testcase> <!-- runScenario -->
  <testcase classname="io.cucumber.testng.AbstractTestNGCucumberTests" name="runScenario" time="0.017">
    <failure type="java.lang.IllegalArgumentException" message="Browser not supported: firefox">
      <![CDATA[java.lang.IllegalArgumentException: Browser not supported: firefox
at webdriver.DriverFactory.init_driver(DriverFactory.java:26)
at hooks.Hooks.launchbrowser(Hooks.java:42)
]]>
    </failure>
  </testcase> <!-- runScenario -->
  <testcase classname="io.cucumber.testng.AbstractTestNGCucumberTests" name="runScenario" time="0.014">
    <failure type="java.lang.IllegalArgumentException" message="Browser not supported: firefox">
      <![CDATA[java.lang.IllegalArgumentException: Browser not supported: firefox
at webdriver.DriverFactory.init_driver(DriverFactory.java:26)
at hooks.Hooks.launchbrowser(Hooks.java:42)
]]>
    </failure>
  </testcase> <!-- runScenario -->
  <testcase classname="io.cucumber.testng.AbstractTestNGCucumberTests" name="runScenario" time="0.021">
    <failure type="java.lang.IllegalArgumentException" message="Browser not supported: firefox">
      <![CDATA[java.lang.IllegalArgumentException: Browser not supported: firefox
at webdriver.DriverFactory.init_driver(DriverFactory.java:26)
at hooks.Hooks.launchbrowser(Hooks.java:42)
]]>
    </failure>
  </testcase> <!-- runScenario -->
  <testcase classname="io.cucumber.testng.AbstractTestNGCucumberTests" name="runScenario" time="0.025">
    <failure type="java.lang.IllegalArgumentException" message="Browser not supported: firefox">
      <![CDATA[java.lang.IllegalArgumentException: Browser not supported: firefox
at webdriver.DriverFactory.init_driver(DriverFactory.java:26)
at hooks.Hooks.launchbrowser(Hooks.java:42)
]]>
    </failure>
  </testcase> <!-- runScenario -->
  <testcase classname="io.cucumber.testng.AbstractTestNGCucumberTests" name="runScenario" time="0.016">
    <failure type="java.lang.IllegalArgumentException" message="Browser not supported: firefox">
      <![CDATA[java.lang.IllegalArgumentException: Browser not supported: firefox
at webdriver.DriverFactory.init_driver(DriverFactory.java:26)
at hooks.Hooks.launchbrowser(Hooks.java:42)
]]>
    </failure>
  </testcase> <!-- runScenario -->
  <testcase classname="io.cucumber.testng.AbstractTestNGCucumberTests" name="runScenario" time="0.015">
    <failure type="java.lang.IllegalArgumentException" message="Browser not supported: firefox">
      <![CDATA[java.lang.IllegalArgumentException: Browser not supported: firefox
at webdriver.DriverFactory.init_driver(DriverFactory.java:26)
at hooks.Hooks.launchbrowser(Hooks.java:42)
]]>
    </failure>
  </testcase> <!-- runScenario -->
  <testcase classname="io.cucumber.testng.AbstractTestNGCucumberTests" name="runScenario" time="0.014">
    <failure type="java.lang.IllegalArgumentException" message="Browser not supported: firefox">
      <![CDATA[java.lang.IllegalArgumentException: Browser not supported: firefox
at webdriver.DriverFactory.init_driver(DriverFactory.java:26)
at hooks.Hooks.launchbrowser(Hooks.java:42)
]]>
    </failure>
  </testcase> <!-- runScenario -->
  <testcase classname="io.cucumber.testng.AbstractTestNGCucumberTests" name="runScenario" time="0.013">
    <failure type="java.lang.IllegalArgumentException" message="Browser not supported: firefox">
      <![CDATA[java.lang.IllegalArgumentException: Browser not supported: firefox
at webdriver.DriverFactory.init_driver(DriverFactory.java:26)
at hooks.Hooks.launchbrowser(Hooks.java:42)
]]>
    </failure>
  </testcase> <!-- runScenario -->
  <testcase classname="io.cucumber.testng.AbstractTestNGCucumberTests" name="runScenario" time="0.016">
    <failure type="java.lang.IllegalArgumentException" message="Browser not supported: firefox">
      <![CDATA[java.lang.IllegalArgumentException: Browser not supported: firefox
at webdriver.DriverFactory.init_driver(DriverFactory.java:26)
at hooks.Hooks.launchbrowser(Hooks.java:42)
]]>
    </failure>
  </testcase> <!-- runScenario -->
  <testcase classname="io.cucumber.testng.AbstractTestNGCucumberTests" name="runScenario" time="0.018">
    <failure type="java.lang.IllegalArgumentException" message="Browser not supported: firefox">
      <![CDATA[java.lang.IllegalArgumentException: Browser not supported: firefox
at webdriver.DriverFactory.init_driver(DriverFactory.java:26)
at hooks.Hooks.launchbrowser(Hooks.java:42)
]]>
    </failure>
  </testcase> <!-- runScenario -->
  <testcase classname="io.cucumber.testng.AbstractTestNGCucumberTests" name="runScenario" time="0.015">
    <failure type="java.lang.IllegalArgumentException" message="Browser not supported: firefox">
      <![CDATA[java.lang.IllegalArgumentException: Browser not supported: firefox
at webdriver.DriverFactory.init_driver(DriverFactory.java:26)
at hooks.Hooks.launchbrowser(Hooks.java:42)
]]>
    </failure>
  </testcase> <!-- runScenario -->
  <testcase classname="io.cucumber.testng.AbstractTestNGCucumberTests" name="runScenario" time="0.01">
    <failure type="java.lang.IllegalArgumentException" message="Browser not supported: firefox">
      <![CDATA[java.lang.IllegalArgumentException: Browser not supported: firefox
at webdriver.DriverFactory.init_driver(DriverFactory.java:26)
at hooks.Hooks.launchbrowser(Hooks.java:42)
]]>
    </failure>
  </testcase> <!-- runScenario -->
  <testcase classname="io.cucumber.testng.AbstractTestNGCucumberTests" name="runScenario" time="0.012">
    <failure type="java.lang.IllegalArgumentException" message="Browser not supported: firefox">
      <![CDATA[java.lang.IllegalArgumentException: Browser not supported: firefox
at webdriver.DriverFactory.init_driver(DriverFactory.java:26)
at hooks.Hooks.launchbrowser(Hooks.java:42)
]]>
    </failure>
  </testcase> <!-- runScenario -->
  <testcase classname="io.cucumber.testng.AbstractTestNGCucumberTests" name="runScenario" time="0.011">
    <failure type="java.lang.IllegalArgumentException" message="Browser not supported: firefox">
      <![CDATA[java.lang.IllegalArgumentException: Browser not supported: firefox
at webdriver.DriverFactory.init_driver(DriverFactory.java:26)
at hooks.Hooks.launchbrowser(Hooks.java:42)
]]>
    </failure>
  </testcase> <!-- runScenario -->
  <testcase classname="io.cucumber.testng.AbstractTestNGCucumberTests" name="runScenario" time="0.012">
    <failure type="java.lang.IllegalArgumentException" message="Browser not supported: firefox">
      <![CDATA[java.lang.IllegalArgumentException: Browser not supported: firefox
at webdriver.DriverFactory.init_driver(DriverFactory.java:26)
at hooks.Hooks.launchbrowser(Hooks.java:42)
]]>
    </failure>
  </testcase> <!-- runScenario -->
  <testcase classname="io.cucumber.testng.AbstractTestNGCucumberTests" name="runScenario" time="0.016">
    <failure type="java.lang.IllegalArgumentException" message="Browser not supported: firefox">
      <![CDATA[java.lang.IllegalArgumentException: Browser not supported: firefox
at webdriver.DriverFactory.init_driver(DriverFactory.java:26)
at hooks.Hooks.launchbrowser(Hooks.java:42)
]]>
    </failure>
  </testcase> <!-- runScenario -->
  <testcase classname="io.cucumber.testng.AbstractTestNGCucumberTests" name="runScenario" time="0.01">
    <failure type="java.lang.IllegalArgumentException" message="Browser not supported: firefox">
      <![CDATA[java.lang.IllegalArgumentException: Browser not supported: firefox
at webdriver.DriverFactory.init_driver(DriverFactory.java:26)
at hooks.Hooks.launchbrowser(Hooks.java:42)
]]>
    </failure>
  </testcase> <!-- runScenario -->
  <testcase classname="io.cucumber.testng.AbstractTestNGCucumberTests" name="runScenario" time="0.01">
    <failure type="java.lang.IllegalArgumentException" message="Browser not supported: firefox">
      <![CDATA[java.lang.IllegalArgumentException: Browser not supported: firefox
at webdriver.DriverFactory.init_driver(DriverFactory.java:26)
at hooks.Hooks.launchbrowser(Hooks.java:42)
]]>
    </failure>
  </testcase> <!-- runScenario -->
  <testcase classname="io.cucumber.testng.AbstractTestNGCucumberTests" name="runScenario" time="0.012">
    <failure type="java.lang.IllegalArgumentException" message="Browser not supported: firefox">
      <![CDATA[java.lang.IllegalArgumentException: Browser not supported: firefox
at webdriver.DriverFactory.init_driver(DriverFactory.java:26)
at hooks.Hooks.launchbrowser(Hooks.java:42)
]]>
    </failure>
  </testcase> <!-- runScenario -->
  <testcase classname="io.cucumber.testng.AbstractTestNGCucumberTests" name="runScenario" time="0.012">
    <failure type="java.lang.IllegalArgumentException" message="Browser not supported: firefox">
      <![CDATA[java.lang.IllegalArgumentException: Browser not supported: firefox
at webdriver.DriverFactory.init_driver(DriverFactory.java:26)
at hooks.Hooks.launchbrowser(Hooks.java:42)
]]>
    </failure>
  </testcase> <!-- runScenario -->
  <testcase classname="io.cucumber.testng.AbstractTestNGCucumberTests" name="runScenario" time="0.011">
    <failure type="java.lang.IllegalArgumentException" message="Browser not supported: firefox">
      <![CDATA[java.lang.IllegalArgumentException: Browser not supported: firefox
at webdriver.DriverFactory.init_driver(DriverFactory.java:26)
at hooks.Hooks.launchbrowser(Hooks.java:42)
]]>
    </failure>
  </testcase> <!-- runScenario -->
  <testcase classname="io.cucumber.testng.AbstractTestNGCucumberTests" name="runScenario" time="0.011">
    <failure type="java.lang.IllegalArgumentException" message="Browser not supported: firefox">
      <![CDATA[java.lang.IllegalArgumentException: Browser not supported: firefox
at webdriver.DriverFactory.init_driver(DriverFactory.java:26)
at hooks.Hooks.launchbrowser(Hooks.java:42)
]]>
    </failure>
  </testcase> <!-- runScenario -->
  <testcase classname="io.cucumber.testng.AbstractTestNGCucumberTests" name="runScenario" time="0.017">
    <failure type="java.lang.IllegalArgumentException" message="Browser not supported: firefox">
      <![CDATA[java.lang.IllegalArgumentException: Browser not supported: firefox
at webdriver.DriverFactory.init_driver(DriverFactory.java:26)
at hooks.Hooks.launchbrowser(Hooks.java:42)
]]>
    </failure>
  </testcase> <!-- runScenario -->
  <testcase classname="io.cucumber.testng.AbstractTestNGCucumberTests" name="runScenario" time="0.012">
    <failure type="java.lang.IllegalArgumentException" message="Browser not supported: firefox">
      <![CDATA[java.lang.IllegalArgumentException: Browser not supported: firefox
at webdriver.DriverFactory.init_driver(DriverFactory.java:26)
at hooks.Hooks.launchbrowser(Hooks.java:42)
]]>
    </failure>
  </testcase> <!-- runScenario -->
  <testcase classname="io.cucumber.testng.AbstractTestNGCucumberTests" name="runScenario" time="0.01">
    <failure type="java.lang.IllegalArgumentException" message="Browser not supported: firefox">
      <![CDATA[java.lang.IllegalArgumentException: Browser not supported: firefox
at webdriver.DriverFactory.init_driver(DriverFactory.java:26)
at hooks.Hooks.launchbrowser(Hooks.java:42)
]]>
    </failure>
  </testcase> <!-- runScenario -->
  <testcase classname="io.cucumber.testng.AbstractTestNGCucumberTests" name="runScenario" time="0.012">
    <failure type="java.lang.IllegalArgumentException" message="Browser not supported: firefox">
      <![CDATA[java.lang.IllegalArgumentException: Browser not supported: firefox
at webdriver.DriverFactory.init_driver(DriverFactory.java:26)
at hooks.Hooks.launchbrowser(Hooks.java:42)
]]>
    </failure>
  </testcase> <!-- runScenario -->
  <testcase classname="io.cucumber.testng.AbstractTestNGCucumberTests" name="runScenario" time="0.014">
    <failure type="java.lang.IllegalArgumentException" message="Browser not supported: firefox">
      <![CDATA[java.lang.IllegalArgumentException: Browser not supported: firefox
at webdriver.DriverFactory.init_driver(DriverFactory.java:26)
at hooks.Hooks.launchbrowser(Hooks.java:42)
]]>
    </failure>
  </testcase> <!-- runScenario -->
  <testcase classname="io.cucumber.testng.AbstractTestNGCucumberTests" name="runScenario" time="0.013">
    <failure type="java.lang.IllegalArgumentException" message="Browser not supported: firefox">
      <![CDATA[java.lang.IllegalArgumentException: Browser not supported: firefox
at webdriver.DriverFactory.init_driver(DriverFactory.java:26)
at hooks.Hooks.launchbrowser(Hooks.java:42)
]]>
    </failure>
  </testcase> <!-- runScenario -->
  <testcase classname="io.cucumber.testng.AbstractTestNGCucumberTests" name="runScenario" time="0.012">
    <failure type="java.lang.IllegalArgumentException" message="Browser not supported: firefox">
      <![CDATA[java.lang.IllegalArgumentException: Browser not supported: firefox
at webdriver.DriverFactory.init_driver(DriverFactory.java:26)
at hooks.Hooks.launchbrowser(Hooks.java:42)
]]>
    </failure>
  </testcase> <!-- runScenario -->
  <testcase classname="io.cucumber.testng.AbstractTestNGCucumberTests" name="runScenario" time="0.01">
    <failure type="java.lang.IllegalArgumentException" message="Browser not supported: firefox">
      <![CDATA[java.lang.IllegalArgumentException: Browser not supported: firefox
at webdriver.DriverFactory.init_driver(DriverFactory.java:26)
at hooks.Hooks.launchbrowser(Hooks.java:42)
]]>
    </failure>
  </testcase> <!-- runScenario -->
  <testcase classname="io.cucumber.testng.AbstractTestNGCucumberTests" name="runScenario" time="0.01">
    <failure type="java.lang.IllegalArgumentException" message="Browser not supported: firefox">
      <![CDATA[java.lang.IllegalArgumentException: Browser not supported: firefox
at webdriver.DriverFactory.init_driver(DriverFactory.java:26)
at hooks.Hooks.launchbrowser(Hooks.java:42)
]]>
    </failure>
  </testcase> <!-- runScenario -->
  <testcase classname="io.cucumber.testng.AbstractTestNGCucumberTests" name="runScenario" time="0.014">
    <failure type="java.lang.IllegalArgumentException" message="Browser not supported: firefox">
      <![CDATA[java.lang.IllegalArgumentException: Browser not supported: firefox
at webdriver.DriverFactory.init_driver(DriverFactory.java:26)
at hooks.Hooks.launchbrowser(Hooks.java:42)
]]>
    </failure>
  </testcase> <!-- runScenario -->
  <testcase classname="io.cucumber.testng.AbstractTestNGCucumberTests" name="runScenario" time="0.008">
    <failure type="java.lang.IllegalArgumentException" message="Browser not supported: firefox">
      <![CDATA[java.lang.IllegalArgumentException: Browser not supported: firefox
at webdriver.DriverFactory.init_driver(DriverFactory.java:26)
at hooks.Hooks.launchbrowser(Hooks.java:42)
]]>
    </failure>
  </testcase> <!-- runScenario -->
  <testcase classname="io.cucumber.testng.AbstractTestNGCucumberTests" name="runScenario" time="0.012">
    <failure type="java.lang.IllegalArgumentException" message="Browser not supported: firefox">
      <![CDATA[java.lang.IllegalArgumentException: Browser not supported: firefox
at webdriver.DriverFactory.init_driver(DriverFactory.java:26)
at hooks.Hooks.launchbrowser(Hooks.java:42)
]]>
    </failure>
  </testcase> <!-- runScenario -->
  <testcase classname="io.cucumber.testng.AbstractTestNGCucumberTests" name="runScenario" time="0.015">
    <failure type="java.lang.IllegalArgumentException" message="Browser not supported: firefox">
      <![CDATA[java.lang.IllegalArgumentException: Browser not supported: firefox
at webdriver.DriverFactory.init_driver(DriverFactory.java:26)
at hooks.Hooks.launchbrowser(Hooks.java:42)
]]>
    </failure>
  </testcase> <!-- runScenario -->
  <testcase classname="io.cucumber.testng.AbstractTestNGCucumberTests" name="runScenario" time="0.015">
    <failure type="java.lang.IllegalArgumentException" message="Browser not supported: firefox">
      <![CDATA[java.lang.IllegalArgumentException: Browser not supported: firefox
at webdriver.DriverFactory.init_driver(DriverFactory.java:26)
at hooks.Hooks.launchbrowser(Hooks.java:42)
]]>
    </failure>
  </testcase> <!-- runScenario -->
  <testcase classname="io.cucumber.testng.AbstractTestNGCucumberTests" name="runScenario" time="0.01">
    <failure type="java.lang.IllegalArgumentException" message="Browser not supported: firefox">
      <![CDATA[java.lang.IllegalArgumentException: Browser not supported: firefox
at webdriver.DriverFactory.init_driver(DriverFactory.java:26)
at hooks.Hooks.launchbrowser(Hooks.java:42)
]]>
    </failure>
  </testcase> <!-- runScenario -->
  <testcase classname="io.cucumber.testng.AbstractTestNGCucumberTests" name="runScenario" time="0.019">
    <failure type="java.lang.IllegalArgumentException" message="Browser not supported: firefox">
      <![CDATA[java.lang.IllegalArgumentException: Browser not supported: firefox
at webdriver.DriverFactory.init_driver(DriverFactory.java:26)
at hooks.Hooks.launchbrowser(Hooks.java:42)
]]>
    </failure>
  </testcase> <!-- runScenario -->
  <testcase classname="io.cucumber.testng.AbstractTestNGCucumberTests" name="runScenario" time="0.011">
    <failure type="java.lang.IllegalArgumentException" message="Browser not supported: firefox">
      <![CDATA[java.lang.IllegalArgumentException: Browser not supported: firefox
at webdriver.DriverFactory.init_driver(DriverFactory.java:26)
at hooks.Hooks.launchbrowser(Hooks.java:42)
]]>
    </failure>
  </testcase> <!-- runScenario -->
  <testcase classname="io.cucumber.testng.AbstractTestNGCucumberTests" name="runScenario" time="0.011">
    <failure type="java.lang.IllegalArgumentException" message="Browser not supported: firefox">
      <![CDATA[java.lang.IllegalArgumentException: Browser not supported: firefox
at webdriver.DriverFactory.init_driver(DriverFactory.java:26)
at hooks.Hooks.launchbrowser(Hooks.java:42)
]]>
    </failure>
  </testcase> <!-- runScenario -->
  <testcase classname="io.cucumber.testng.AbstractTestNGCucumberTests" name="runScenario" time="0.017">
    <failure type="java.lang.IllegalArgumentException" message="Browser not supported: firefox">
      <![CDATA[java.lang.IllegalArgumentException: Browser not supported: firefox
at webdriver.DriverFactory.init_driver(DriverFactory.java:26)
at hooks.Hooks.launchbrowser(Hooks.java:42)
]]>
    </failure>
  </testcase> <!-- runScenario -->
  <testcase classname="io.cucumber.testng.AbstractTestNGCucumberTests" name="runScenario" time="0.012">
    <failure type="java.lang.IllegalArgumentException" message="Browser not supported: firefox">
      <![CDATA[java.lang.IllegalArgumentException: Browser not supported: firefox
at webdriver.DriverFactory.init_driver(DriverFactory.java:26)
at hooks.Hooks.launchbrowser(Hooks.java:42)
]]>
    </failure>
  </testcase> <!-- runScenario -->
  <testcase classname="io.cucumber.testng.AbstractTestNGCucumberTests" name="runScenario" time="0.009">
    <failure type="java.lang.IllegalArgumentException" message="Browser not supported: firefox">
      <![CDATA[java.lang.IllegalArgumentException: Browser not supported: firefox
at webdriver.DriverFactory.init_driver(DriverFactory.java:26)
at hooks.Hooks.launchbrowser(Hooks.java:42)
]]>
    </failure>
  </testcase> <!-- runScenario -->
  <testcase classname="io.cucumber.testng.AbstractTestNGCucumberTests" name="runScenario" time="0.01">
    <failure type="java.lang.IllegalArgumentException" message="Browser not supported: firefox">
      <![CDATA[java.lang.IllegalArgumentException: Browser not supported: firefox
at webdriver.DriverFactory.init_driver(DriverFactory.java:26)
at hooks.Hooks.launchbrowser(Hooks.java:42)
]]>
    </failure>
  </testcase> <!-- runScenario -->
  <testcase classname="io.cucumber.testng.AbstractTestNGCucumberTests" name="runScenario" time="0.01">
    <failure type="java.lang.IllegalArgumentException" message="Browser not supported: firefox">
      <![CDATA[java.lang.IllegalArgumentException: Browser not supported: firefox
at webdriver.DriverFactory.init_driver(DriverFactory.java:26)
at hooks.Hooks.launchbrowser(Hooks.java:42)
]]>
    </failure>
  </testcase> <!-- runScenario -->
  <testcase classname="io.cucumber.testng.AbstractTestNGCucumberTests" name="runScenario" time="0.011">
    <failure type="java.lang.IllegalArgumentException" message="Browser not supported: firefox">
      <![CDATA[java.lang.IllegalArgumentException: Browser not supported: firefox
at webdriver.DriverFactory.init_driver(DriverFactory.java:26)
at hooks.Hooks.launchbrowser(Hooks.java:42)
]]>
    </failure>
  </testcase> <!-- runScenario -->
  <testcase classname="io.cucumber.testng.AbstractTestNGCucumberTests" name="runScenario" time="0.014">
    <failure type="java.lang.IllegalArgumentException" message="Browser not supported: firefox">
      <![CDATA[java.lang.IllegalArgumentException: Browser not supported: firefox
at webdriver.DriverFactory.init_driver(DriverFactory.java:26)
at hooks.Hooks.launchbrowser(Hooks.java:42)
]]>
    </failure>
  </testcase> <!-- runScenario -->
  <testcase classname="io.cucumber.testng.AbstractTestNGCucumberTests" name="runScenario" time="0.013">
    <failure type="java.lang.IllegalArgumentException" message="Browser not supported: firefox">
      <![CDATA[java.lang.IllegalArgumentException: Browser not supported: firefox
at webdriver.DriverFactory.init_driver(DriverFactory.java:26)
at hooks.Hooks.launchbrowser(Hooks.java:42)
]]>
    </failure>
  </testcase> <!-- runScenario -->
  <testcase classname="io.cucumber.testng.AbstractTestNGCucumberTests" name="runScenario" time="0.013">
    <failure type="java.lang.IllegalArgumentException" message="Browser not supported: firefox">
      <![CDATA[java.lang.IllegalArgumentException: Browser not supported: firefox
at webdriver.DriverFactory.init_driver(DriverFactory.java:26)
at hooks.Hooks.launchbrowser(Hooks.java:42)
]]>
    </failure>
  </testcase> <!-- runScenario -->
  <testcase classname="io.cucumber.testng.AbstractTestNGCucumberTests" name="runScenario" time="0.016">
    <failure type="java.lang.IllegalArgumentException" message="Browser not supported: firefox">
      <![CDATA[java.lang.IllegalArgumentException: Browser not supported: firefox
at webdriver.DriverFactory.init_driver(DriverFactory.java:26)
at hooks.Hooks.launchbrowser(Hooks.java:42)
]]>
    </failure>
  </testcase> <!-- runScenario -->
  <testcase classname="io.cucumber.testng.AbstractTestNGCucumberTests" name="runScenario" time="0.008">
    <failure type="java.lang.IllegalArgumentException" message="Browser not supported: firefox">
      <![CDATA[java.lang.IllegalArgumentException: Browser not supported: firefox
at webdriver.DriverFactory.init_driver(DriverFactory.java:26)
at hooks.Hooks.launchbrowser(Hooks.java:42)
]]>
    </failure>
  </testcase> <!-- runScenario -->
  <testcase classname="io.cucumber.testng.AbstractTestNGCucumberTests" name="runScenario" time="0.014">
    <failure type="java.lang.IllegalArgumentException" message="Browser not supported: firefox">
      <![CDATA[java.lang.IllegalArgumentException: Browser not supported: firefox
at webdriver.DriverFactory.init_driver(DriverFactory.java:26)
at hooks.Hooks.launchbrowser(Hooks.java:42)
]]>
    </failure>
  </testcase> <!-- runScenario -->
  <testcase classname="io.cucumber.testng.AbstractTestNGCucumberTests" name="runScenario" time="0.011">
    <failure type="java.lang.IllegalArgumentException" message="Browser not supported: firefox">
      <![CDATA[java.lang.IllegalArgumentException: Browser not supported: firefox
at webdriver.DriverFactory.init_driver(DriverFactory.java:26)
at hooks.Hooks.launchbrowser(Hooks.java:42)
]]>
    </failure>
  </testcase> <!-- runScenario -->
  <testcase classname="io.cucumber.testng.AbstractTestNGCucumberTests" name="runScenario" time="0.012">
    <failure type="java.lang.IllegalArgumentException" message="Browser not supported: firefox">
      <![CDATA[java.lang.IllegalArgumentException: Browser not supported: firefox
at webdriver.DriverFactory.init_driver(DriverFactory.java:26)
at hooks.Hooks.launchbrowser(Hooks.java:42)
]]>
    </failure>
  </testcase> <!-- runScenario -->
  <testcase classname="io.cucumber.testng.AbstractTestNGCucumberTests" name="runScenario" time="0.01">
    <failure type="java.lang.IllegalArgumentException" message="Browser not supported: firefox">
      <![CDATA[java.lang.IllegalArgumentException: Browser not supported: firefox
at webdriver.DriverFactory.init_driver(DriverFactory.java:26)
at hooks.Hooks.launchbrowser(Hooks.java:42)
]]>
    </failure>
  </testcase> <!-- runScenario -->
  <testcase classname="io.cucumber.testng.AbstractTestNGCucumberTests" name="runScenario" time="0.011">
    <failure type="java.lang.IllegalArgumentException" message="Browser not supported: firefox">
      <![CDATA[java.lang.IllegalArgumentException: Browser not supported: firefox
at webdriver.DriverFactory.init_driver(DriverFactory.java:26)
at hooks.Hooks.launchbrowser(Hooks.java:42)
]]>
    </failure>
  </testcase> <!-- runScenario -->
  <testcase classname="io.cucumber.testng.AbstractTestNGCucumberTests" name="runScenario" time="0.011">
    <failure type="java.lang.IllegalArgumentException" message="Browser not supported: firefox">
      <![CDATA[java.lang.IllegalArgumentException: Browser not supported: firefox
at webdriver.DriverFactory.init_driver(DriverFactory.java:26)
at hooks.Hooks.launchbrowser(Hooks.java:42)
]]>
    </failure>
  </testcase> <!-- runScenario -->
  <testcase classname="io.cucumber.testng.AbstractTestNGCucumberTests" name="runScenario" time="0.014">
    <failure type="java.lang.IllegalArgumentException" message="Browser not supported: firefox">
      <![CDATA[java.lang.IllegalArgumentException: Browser not supported: firefox
at webdriver.DriverFactory.init_driver(DriverFactory.java:26)
at hooks.Hooks.launchbrowser(Hooks.java:42)
]]>
    </failure>
  </testcase> <!-- runScenario -->
  <testcase classname="io.cucumber.testng.AbstractTestNGCucumberTests" name="runScenario" time="0.011">
    <failure type="java.lang.IllegalArgumentException" message="Browser not supported: firefox">
      <![CDATA[java.lang.IllegalArgumentException: Browser not supported: firefox
at webdriver.DriverFactory.init_driver(DriverFactory.java:26)
at hooks.Hooks.launchbrowser(Hooks.java:42)
]]>
    </failure>
  </testcase> <!-- runScenario -->
  <testcase classname="io.cucumber.testng.AbstractTestNGCucumberTests" name="runScenario" time="0.013">
    <failure type="java.lang.IllegalArgumentException" message="Browser not supported: firefox">
      <![CDATA[java.lang.IllegalArgumentException: Browser not supported: firefox
at webdriver.DriverFactory.init_driver(DriverFactory.java:26)
at hooks.Hooks.launchbrowser(Hooks.java:42)
]]>
    </failure>
  </testcase> <!-- runScenario -->
  <testcase classname="io.cucumber.testng.AbstractTestNGCucumberTests" name="runScenario" time="0.012">
    <failure type="java.lang.IllegalArgumentException" message="Browser not supported: firefox">
      <![CDATA[java.lang.IllegalArgumentException: Browser not supported: firefox
at webdriver.DriverFactory.init_driver(DriverFactory.java:26)
at hooks.Hooks.launchbrowser(Hooks.java:42)
]]>
    </failure>
  </testcase> <!-- runScenario -->
  <testcase classname="io.cucumber.testng.AbstractTestNGCucumberTests" name="runScenario" time="0.017">
    <failure type="java.lang.IllegalArgumentException" message="Browser not supported: firefox">
      <![CDATA[java.lang.IllegalArgumentException: Browser not supported: firefox
at webdriver.DriverFactory.init_driver(DriverFactory.java:26)
at hooks.Hooks.launchbrowser(Hooks.java:42)
]]>
    </failure>
  </testcase> <!-- runScenario -->
  <testcase classname="io.cucumber.testng.AbstractTestNGCucumberTests" name="runScenario" time="0.012">
    <failure type="java.lang.IllegalArgumentException" message="Browser not supported: firefox">
      <![CDATA[java.lang.IllegalArgumentException: Browser not supported: firefox
at webdriver.DriverFactory.init_driver(DriverFactory.java:26)
at hooks.Hooks.launchbrowser(Hooks.java:42)
]]>
    </failure>
  </testcase> <!-- runScenario -->
  <testcase classname="io.cucumber.testng.AbstractTestNGCucumberTests" name="runScenario" time="0.011">
    <failure type="java.lang.IllegalArgumentException" message="Browser not supported: firefox">
      <![CDATA[java.lang.IllegalArgumentException: Browser not supported: firefox
at webdriver.DriverFactory.init_driver(DriverFactory.java:26)
at hooks.Hooks.launchbrowser(Hooks.java:42)
]]>
    </failure>
  </testcase> <!-- runScenario -->
  <testcase classname="io.cucumber.testng.AbstractTestNGCucumberTests" name="runScenario" time="0.01">
    <failure type="java.lang.IllegalArgumentException" message="Browser not supported: firefox">
      <![CDATA[java.lang.IllegalArgumentException: Browser not supported: firefox
at webdriver.DriverFactory.init_driver(DriverFactory.java:26)
at hooks.Hooks.launchbrowser(Hooks.java:42)
]]>
    </failure>
  </testcase> <!-- runScenario -->
  <testcase classname="io.cucumber.testng.AbstractTestNGCucumberTests" name="runScenario" time="0.01">
    <failure type="java.lang.IllegalArgumentException" message="Browser not supported: firefox">
      <![CDATA[java.lang.IllegalArgumentException: Browser not supported: firefox
at webdriver.DriverFactory.init_driver(DriverFactory.java:26)
at hooks.Hooks.launchbrowser(Hooks.java:42)
]]>
    </failure>
  </testcase> <!-- runScenario -->
  <testcase classname="io.cucumber.testng.AbstractTestNGCucumberTests" name="runScenario" time="0.012">
    <failure type="java.lang.IllegalArgumentException" message="Browser not supported: firefox">
      <![CDATA[java.lang.IllegalArgumentException: Browser not supported: firefox
at webdriver.DriverFactory.init_driver(DriverFactory.java:26)
at hooks.Hooks.launchbrowser(Hooks.java:42)
]]>
    </failure>
  </testcase> <!-- runScenario -->
  <testcase classname="io.cucumber.testng.AbstractTestNGCucumberTests" name="runScenario" time="0.012">
    <failure type="java.lang.IllegalArgumentException" message="Browser not supported: firefox">
      <![CDATA[java.lang.IllegalArgumentException: Browser not supported: firefox
at webdriver.DriverFactory.init_driver(DriverFactory.java:26)
at hooks.Hooks.launchbrowser(Hooks.java:42)
]]>
    </failure>
  </testcase> <!-- runScenario -->
  <testcase classname="io.cucumber.testng.AbstractTestNGCucumberTests" name="runScenario" time="0.015">
    <failure type="java.lang.IllegalArgumentException" message="Browser not supported: firefox">
      <![CDATA[java.lang.IllegalArgumentException: Browser not supported: firefox
at webdriver.DriverFactory.init_driver(DriverFactory.java:26)
at hooks.Hooks.launchbrowser(Hooks.java:42)
]]>
    </failure>
  </testcase> <!-- runScenario -->
  <testcase classname="io.cucumber.testng.AbstractTestNGCucumberTests" name="runScenario" time="0.013">
    <failure type="java.lang.IllegalArgumentException" message="Browser not supported: firefox">
      <![CDATA[java.lang.IllegalArgumentException: Browser not supported: firefox
at webdriver.DriverFactory.init_driver(DriverFactory.java:26)
at hooks.Hooks.launchbrowser(Hooks.java:42)
]]>
    </failure>
  </testcase> <!-- runScenario -->
  <testcase classname="io.cucumber.testng.AbstractTestNGCucumberTests" name="runScenario" time="0.013">
    <failure type="java.lang.IllegalArgumentException" message="Browser not supported: firefox">
      <![CDATA[java.lang.IllegalArgumentException: Browser not supported: firefox
at webdriver.DriverFactory.init_driver(DriverFactory.java:26)
at hooks.Hooks.launchbrowser(Hooks.java:42)
]]>
    </failure>
  </testcase> <!-- runScenario -->
  <testcase classname="io.cucumber.testng.AbstractTestNGCucumberTests" name="runScenario" time="0.013">
    <failure type="java.lang.IllegalArgumentException" message="Browser not supported: firefox">
      <![CDATA[java.lang.IllegalArgumentException: Browser not supported: firefox
at webdriver.DriverFactory.init_driver(DriverFactory.java:26)
at hooks.Hooks.launchbrowser(Hooks.java:42)
]]>
    </failure>
  </testcase> <!-- runScenario -->
  <testcase classname="io.cucumber.testng.AbstractTestNGCucumberTests" name="runScenario" time="0.01">
    <failure type="java.lang.IllegalArgumentException" message="Browser not supported: firefox">
      <![CDATA[java.lang.IllegalArgumentException: Browser not supported: firefox
at webdriver.DriverFactory.init_driver(DriverFactory.java:26)
at hooks.Hooks.launchbrowser(Hooks.java:42)
]]>
    </failure>
  </testcase> <!-- runScenario -->
  <testcase classname="io.cucumber.testng.AbstractTestNGCucumberTests" name="runScenario" time="0.014">
    <failure type="java.lang.IllegalArgumentException" message="Browser not supported: firefox">
      <![CDATA[java.lang.IllegalArgumentException: Browser not supported: firefox
at webdriver.DriverFactory.init_driver(DriverFactory.java:26)
at hooks.Hooks.launchbrowser(Hooks.java:42)
]]>
    </failure>
  </testcase> <!-- runScenario -->
  <testcase classname="io.cucumber.testng.AbstractTestNGCucumberTests" name="runScenario" time="0.014">
    <failure type="java.lang.IllegalArgumentException" message="Browser not supported: firefox">
      <![CDATA[java.lang.IllegalArgumentException: Browser not supported: firefox
at webdriver.DriverFactory.init_driver(DriverFactory.java:26)
at hooks.Hooks.launchbrowser(Hooks.java:42)
]]>
    </failure>
  </testcase> <!-- runScenario -->
  <testcase classname="io.cucumber.testng.AbstractTestNGCucumberTests" name="runScenario" time="0.014">
    <failure type="java.lang.IllegalArgumentException" message="Browser not supported: firefox">
      <![CDATA[java.lang.IllegalArgumentException: Browser not supported: firefox
at webdriver.DriverFactory.init_driver(DriverFactory.java:26)
at hooks.Hooks.launchbrowser(Hooks.java:42)
]]>
    </failure>
  </testcase> <!-- runScenario -->
  <testcase classname="io.cucumber.testng.AbstractTestNGCucumberTests" name="runScenario" time="0.01">
    <failure type="java.lang.IllegalArgumentException" message="Browser not supported: firefox">
      <![CDATA[java.lang.IllegalArgumentException: Browser not supported: firefox
at webdriver.DriverFactory.init_driver(DriverFactory.java:26)
at hooks.Hooks.launchbrowser(Hooks.java:42)
]]>
    </failure>
  </testcase> <!-- runScenario -->
  <testcase classname="io.cucumber.testng.AbstractTestNGCucumberTests" name="runScenario" time="0.029">
    <failure type="java.lang.IllegalArgumentException" message="Browser not supported: firefox">
      <![CDATA[java.lang.IllegalArgumentException: Browser not supported: firefox
at webdriver.DriverFactory.init_driver(DriverFactory.java:26)
at hooks.Hooks.launchbrowser(Hooks.java:42)
]]>
    </failure>
  </testcase> <!-- runScenario -->
  <testcase classname="io.cucumber.testng.AbstractTestNGCucumberTests" name="runScenario" time="0.013">
    <failure type="java.lang.IllegalArgumentException" message="Browser not supported: firefox">
      <![CDATA[java.lang.IllegalArgumentException: Browser not supported: firefox
at webdriver.DriverFactory.init_driver(DriverFactory.java:26)
at hooks.Hooks.launchbrowser(Hooks.java:42)
]]>
    </failure>
  </testcase> <!-- runScenario -->
  <testcase classname="io.cucumber.testng.AbstractTestNGCucumberTests" name="runScenario" time="0.014">
    <failure type="java.lang.IllegalArgumentException" message="Browser not supported: firefox">
      <![CDATA[java.lang.IllegalArgumentException: Browser not supported: firefox
at webdriver.DriverFactory.init_driver(DriverFactory.java:26)
at hooks.Hooks.launchbrowser(Hooks.java:42)
]]>
    </failure>
  </testcase> <!-- runScenario -->
  <testcase classname="io.cucumber.testng.AbstractTestNGCucumberTests" name="runScenario" time="0.013">
    <failure type="java.lang.IllegalArgumentException" message="Browser not supported: firefox">
      <![CDATA[java.lang.IllegalArgumentException: Browser not supported: firefox
at webdriver.DriverFactory.init_driver(DriverFactory.java:26)
at hooks.Hooks.launchbrowser(Hooks.java:42)
]]>
    </failure>
  </testcase> <!-- runScenario -->
  <testcase classname="io.cucumber.testng.AbstractTestNGCucumberTests" name="runScenario" time="0.012">
    <failure type="java.lang.IllegalArgumentException" message="Browser not supported: firefox">
      <![CDATA[java.lang.IllegalArgumentException: Browser not supported: firefox
at webdriver.DriverFactory.init_driver(DriverFactory.java:26)
at hooks.Hooks.launchbrowser(Hooks.java:42)
]]>
    </failure>
  </testcase> <!-- runScenario -->
  <testcase classname="io.cucumber.testng.AbstractTestNGCucumberTests" name="runScenario" time="0.009">
    <failure type="java.lang.IllegalArgumentException" message="Browser not supported: firefox">
      <![CDATA[java.lang.IllegalArgumentException: Browser not supported: firefox
at webdriver.DriverFactory.init_driver(DriverFactory.java:26)
at hooks.Hooks.launchbrowser(Hooks.java:42)
]]>
    </failure>
  </testcase> <!-- runScenario -->
  <testcase classname="io.cucumber.testng.AbstractTestNGCucumberTests" name="runScenario" time="0.01">
    <failure type="java.lang.IllegalArgumentException" message="Browser not supported: firefox">
      <![CDATA[java.lang.IllegalArgumentException: Browser not supported: firefox
at webdriver.DriverFactory.init_driver(DriverFactory.java:26)
at hooks.Hooks.launchbrowser(Hooks.java:42)
]]>
    </failure>
  </testcase> <!-- runScenario -->
  <testcase classname="io.cucumber.testng.AbstractTestNGCucumberTests" name="runScenario" time="0.034">
    <failure type="java.lang.IllegalArgumentException" message="Browser not supported: firefox">
      <![CDATA[java.lang.IllegalArgumentException: Browser not supported: firefox
at webdriver.DriverFactory.init_driver(DriverFactory.java:26)
at hooks.Hooks.launchbrowser(Hooks.java:42)
]]>
    </failure>
  </testcase> <!-- runScenario -->
  <testcase classname="io.cucumber.testng.AbstractTestNGCucumberTests" name="runScenario" time="0.016">
    <failure type="java.lang.IllegalArgumentException" message="Browser not supported: firefox">
      <![CDATA[java.lang.IllegalArgumentException: Browser not supported: firefox
at webdriver.DriverFactory.init_driver(DriverFactory.java:26)
at hooks.Hooks.launchbrowser(Hooks.java:42)
]]>
    </failure>
  </testcase> <!-- runScenario -->
  <testcase classname="io.cucumber.testng.AbstractTestNGCucumberTests" name="runScenario" time="0.016">
    <failure type="java.lang.IllegalArgumentException" message="Browser not supported: firefox">
      <![CDATA[java.lang.IllegalArgumentException: Browser not supported: firefox
at webdriver.DriverFactory.init_driver(DriverFactory.java:26)
at hooks.Hooks.launchbrowser(Hooks.java:42)
]]>
    </failure>
  </testcase> <!-- runScenario -->
  <testcase classname="io.cucumber.testng.AbstractTestNGCucumberTests" name="runScenario" time="0.012">
    <failure type="java.lang.IllegalArgumentException" message="Browser not supported: firefox">
      <![CDATA[java.lang.IllegalArgumentException: Browser not supported: firefox
at webdriver.DriverFactory.init_driver(DriverFactory.java:26)
at hooks.Hooks.launchbrowser(Hooks.java:42)
]]>
    </failure>
  </testcase> <!-- runScenario -->
  <testcase classname="io.cucumber.testng.AbstractTestNGCucumberTests" name="runScenario" time="0.043">
    <failure type="java.lang.IllegalArgumentException" message="Browser not supported: firefox">
      <![CDATA[java.lang.IllegalArgumentException: Browser not supported: firefox
at webdriver.DriverFactory.init_driver(DriverFactory.java:26)
at hooks.Hooks.launchbrowser(Hooks.java:42)
]]>
    </failure>
  </testcase> <!-- runScenario -->
  <testcase classname="io.cucumber.testng.AbstractTestNGCucumberTests" name="runScenario" time="0.013">
    <failure type="java.lang.IllegalArgumentException" message="Browser not supported: firefox">
      <![CDATA[java.lang.IllegalArgumentException: Browser not supported: firefox
at webdriver.DriverFactory.init_driver(DriverFactory.java:26)
at hooks.Hooks.launchbrowser(Hooks.java:42)
]]>
    </failure>
  </testcase> <!-- runScenario -->
  <testcase classname="io.cucumber.testng.AbstractTestNGCucumberTests" name="runScenario" time="0.015">
    <failure type="java.lang.IllegalArgumentException" message="Browser not supported: firefox">
      <![CDATA[java.lang.IllegalArgumentException: Browser not supported: firefox
at webdriver.DriverFactory.init_driver(DriverFactory.java:26)
at hooks.Hooks.launchbrowser(Hooks.java:42)
]]>
    </failure>
  </testcase> <!-- runScenario -->
  <testcase classname="io.cucumber.testng.AbstractTestNGCucumberTests" name="runScenario" time="0.013">
    <failure type="java.lang.IllegalArgumentException" message="Browser not supported: firefox">
      <![CDATA[java.lang.IllegalArgumentException: Browser not supported: firefox
at webdriver.DriverFactory.init_driver(DriverFactory.java:26)
at hooks.Hooks.launchbrowser(Hooks.java:42)
]]>
    </failure>
  </testcase> <!-- runScenario -->
  <testcase classname="io.cucumber.testng.AbstractTestNGCucumberTests" name="runScenario" time="0.013">
    <failure type="java.lang.IllegalArgumentException" message="Browser not supported: firefox">
      <![CDATA[java.lang.IllegalArgumentException: Browser not supported: firefox
at webdriver.DriverFactory.init_driver(DriverFactory.java:26)
at hooks.Hooks.launchbrowser(Hooks.java:42)
]]>
    </failure>
  </testcase> <!-- runScenario -->
  <testcase classname="io.cucumber.testng.AbstractTestNGCucumberTests" name="runScenario" time="0.014">
    <failure type="java.lang.IllegalArgumentException" message="Browser not supported: firefox">
      <![CDATA[java.lang.IllegalArgumentException: Browser not supported: firefox
at webdriver.DriverFactory.init_driver(DriverFactory.java:26)
at hooks.Hooks.launchbrowser(Hooks.java:42)
]]>
    </failure>
  </testcase> <!-- runScenario -->
  <testcase classname="io.cucumber.testng.AbstractTestNGCucumberTests" name="runScenario" time="0.014">
    <failure type="java.lang.IllegalArgumentException" message="Browser not supported: firefox">
      <![CDATA[java.lang.IllegalArgumentException: Browser not supported: firefox
at webdriver.DriverFactory.init_driver(DriverFactory.java:26)
at hooks.Hooks.launchbrowser(Hooks.java:42)
]]>
    </failure>
  </testcase> <!-- runScenario -->
  <testcase classname="io.cucumber.testng.AbstractTestNGCucumberTests" name="runScenario" time="0.014">
    <failure type="java.lang.IllegalArgumentException" message="Browser not supported: firefox">
      <![CDATA[java.lang.IllegalArgumentException: Browser not supported: firefox
at webdriver.DriverFactory.init_driver(DriverFactory.java:26)
at hooks.Hooks.launchbrowser(Hooks.java:42)
]]>
    </failure>
  </testcase> <!-- runScenario -->
  <testcase classname="io.cucumber.testng.AbstractTestNGCucumberTests" name="runScenario" time="0.014">
    <failure type="java.lang.IllegalArgumentException" message="Browser not supported: firefox">
      <![CDATA[java.lang.IllegalArgumentException: Browser not supported: firefox
at webdriver.DriverFactory.init_driver(DriverFactory.java:26)
at hooks.Hooks.launchbrowser(Hooks.java:42)
]]>
    </failure>
  </testcase> <!-- runScenario -->
  <testcase classname="io.cucumber.testng.AbstractTestNGCucumberTests" name="runScenario" time="0.014">
    <failure type="java.lang.IllegalArgumentException" message="Browser not supported: firefox">
      <![CDATA[java.lang.IllegalArgumentException: Browser not supported: firefox
at webdriver.DriverFactory.init_driver(DriverFactory.java:26)
at hooks.Hooks.launchbrowser(Hooks.java:42)
]]>
    </failure>
  </testcase> <!-- runScenario -->
  <testcase classname="io.cucumber.testng.AbstractTestNGCucumberTests" name="runScenario" time="0.014">
    <failure type="java.lang.IllegalArgumentException" message="Browser not supported: firefox">
      <![CDATA[java.lang.IllegalArgumentException: Browser not supported: firefox
at webdriver.DriverFactory.init_driver(DriverFactory.java:26)
at hooks.Hooks.launchbrowser(Hooks.java:42)
]]>
    </failure>
  </testcase> <!-- runScenario -->
  <testcase classname="io.cucumber.testng.AbstractTestNGCucumberTests" name="runScenario" time="0.012">
    <failure type="java.lang.IllegalArgumentException" message="Browser not supported: firefox">
      <![CDATA[java.lang.IllegalArgumentException: Browser not supported: firefox
at webdriver.DriverFactory.init_driver(DriverFactory.java:26)
at hooks.Hooks.launchbrowser(Hooks.java:42)
]]>
    </failure>
  </testcase> <!-- runScenario -->
  <testcase classname="io.cucumber.testng.AbstractTestNGCucumberTests" name="runScenario" time="0.018">
    <failure type="java.lang.IllegalArgumentException" message="Browser not supported: firefox">
      <![CDATA[java.lang.IllegalArgumentException: Browser not supported: firefox
at webdriver.DriverFactory.init_driver(DriverFactory.java:26)
at hooks.Hooks.launchbrowser(Hooks.java:42)
]]>
    </failure>
  </testcase> <!-- runScenario -->
  <testcase classname="io.cucumber.testng.AbstractTestNGCucumberTests" name="runScenario" time="0.011">
    <failure type="java.lang.IllegalArgumentException" message="Browser not supported: firefox">
      <![CDATA[java.lang.IllegalArgumentException: Browser not supported: firefox
at webdriver.DriverFactory.init_driver(DriverFactory.java:26)
at hooks.Hooks.launchbrowser(Hooks.java:42)
]]>
    </failure>
  </testcase> <!-- runScenario -->
  <testcase classname="io.cucumber.testng.AbstractTestNGCucumberTests" name="runScenario" time="0.011">
    <failure type="java.lang.IllegalArgumentException" message="Browser not supported: firefox">
      <![CDATA[java.lang.IllegalArgumentException: Browser not supported: firefox
at webdriver.DriverFactory.init_driver(DriverFactory.java:26)
at hooks.Hooks.launchbrowser(Hooks.java:42)
]]>
    </failure>
  </testcase> <!-- runScenario -->
  <testcase classname="io.cucumber.testng.AbstractTestNGCucumberTests" name="runScenario" time="0.01">
    <failure type="java.lang.IllegalArgumentException" message="Browser not supported: firefox">
      <![CDATA[java.lang.IllegalArgumentException: Browser not supported: firefox
at webdriver.DriverFactory.init_driver(DriverFactory.java:26)
at hooks.Hooks.launchbrowser(Hooks.java:42)
]]>
    </failure>
  </testcase> <!-- runScenario -->
  <testcase classname="io.cucumber.testng.AbstractTestNGCucumberTests" name="runScenario" time="0.025">
    <failure type="java.lang.IllegalArgumentException" message="Browser not supported: firefox">
      <![CDATA[java.lang.IllegalArgumentException: Browser not supported: firefox
at webdriver.DriverFactory.init_driver(DriverFactory.java:26)
at hooks.Hooks.launchbrowser(Hooks.java:42)
]]>
    </failure>
  </testcase> <!-- runScenario -->
  <testcase classname="io.cucumber.testng.AbstractTestNGCucumberTests" name="runScenario" time="0.031">
    <failure type="java.lang.IllegalArgumentException" message="Browser not supported: firefox">
      <![CDATA[java.lang.IllegalArgumentException: Browser not supported: firefox
at webdriver.DriverFactory.init_driver(DriverFactory.java:26)
at hooks.Hooks.launchbrowser(Hooks.java:42)
]]>
    </failure>
  </testcase> <!-- runScenario -->
  <testcase classname="io.cucumber.testng.AbstractTestNGCucumberTests" name="runScenario" time="0.015">
    <failure type="java.lang.IllegalArgumentException" message="Browser not supported: firefox">
      <![CDATA[java.lang.IllegalArgumentException: Browser not supported: firefox
at webdriver.DriverFactory.init_driver(DriverFactory.java:26)
at hooks.Hooks.launchbrowser(Hooks.java:42)
]]>
    </failure>
  </testcase> <!-- runScenario -->
  <testcase classname="io.cucumber.testng.AbstractTestNGCucumberTests" name="runScenario" time="0.013">
    <failure type="java.lang.IllegalArgumentException" message="Browser not supported: firefox">
      <![CDATA[java.lang.IllegalArgumentException: Browser not supported: firefox
at webdriver.DriverFactory.init_driver(DriverFactory.java:26)
at hooks.Hooks.launchbrowser(Hooks.java:42)
]]>
    </failure>
  </testcase> <!-- runScenario -->
  <testcase classname="io.cucumber.testng.AbstractTestNGCucumberTests" name="runScenario" time="0.009">
    <failure type="java.lang.IllegalArgumentException" message="Browser not supported: firefox">
      <![CDATA[java.lang.IllegalArgumentException: Browser not supported: firefox
at webdriver.DriverFactory.init_driver(DriverFactory.java:26)
at hooks.Hooks.launchbrowser(Hooks.java:42)
]]>
    </failure>
  </testcase> <!-- runScenario -->
  <testcase classname="io.cucumber.testng.AbstractTestNGCucumberTests" name="runScenario" time="0.015">
    <failure type="java.lang.IllegalArgumentException" message="Browser not supported: firefox">
      <![CDATA[java.lang.IllegalArgumentException: Browser not supported: firefox
at webdriver.DriverFactory.init_driver(DriverFactory.java:26)
at hooks.Hooks.launchbrowser(Hooks.java:42)
]]>
    </failure>
  </testcase> <!-- runScenario -->
  <testcase classname="io.cucumber.testng.AbstractTestNGCucumberTests" name="runScenario" time="0.035">
    <failure type="java.lang.IllegalArgumentException" message="Browser not supported: firefox">
      <![CDATA[java.lang.IllegalArgumentException: Browser not supported: firefox
at webdriver.DriverFactory.init_driver(DriverFactory.java:26)
at hooks.Hooks.launchbrowser(Hooks.java:42)
]]>
    </failure>
  </testcase> <!-- runScenario -->
  <testcase classname="io.cucumber.testng.AbstractTestNGCucumberTests" name="runScenario" time="0.021">
    <failure type="java.lang.IllegalArgumentException" message="Browser not supported: firefox">
      <![CDATA[java.lang.IllegalArgumentException: Browser not supported: firefox
at webdriver.DriverFactory.init_driver(DriverFactory.java:26)
at hooks.Hooks.launchbrowser(Hooks.java:42)
]]>
    </failure>
  </testcase> <!-- runScenario -->
  <testcase classname="io.cucumber.testng.AbstractTestNGCucumberTests" name="runScenario" time="0.013">
    <failure type="java.lang.IllegalArgumentException" message="Browser not supported: firefox">
      <![CDATA[java.lang.IllegalArgumentException: Browser not supported: firefox
at webdriver.DriverFactory.init_driver(DriverFactory.java:26)
at hooks.Hooks.launchbrowser(Hooks.java:42)
]]>
    </failure>
  </testcase> <!-- runScenario -->
  <testcase classname="io.cucumber.testng.AbstractTestNGCucumberTests" name="runScenario" time="0.038">
    <failure type="java.lang.IllegalArgumentException" message="Browser not supported: firefox">
      <![CDATA[java.lang.IllegalArgumentException: Browser not supported: firefox
at webdriver.DriverFactory.init_driver(DriverFactory.java:26)
at hooks.Hooks.launchbrowser(Hooks.java:42)
]]>
    </failure>
  </testcase> <!-- runScenario -->
  <testcase classname="io.cucumber.testng.AbstractTestNGCucumberTests" name="runScenario" time="0.02">
    <failure type="java.lang.IllegalArgumentException" message="Browser not supported: firefox">
      <![CDATA[java.lang.IllegalArgumentException: Browser not supported: firefox
at webdriver.DriverFactory.init_driver(DriverFactory.java:26)
at hooks.Hooks.launchbrowser(Hooks.java:42)
]]>
    </failure>
  </testcase> <!-- runScenario -->
  <testcase classname="io.cucumber.testng.AbstractTestNGCucumberTests" name="runScenario" time="0.019">
    <failure type="java.lang.IllegalArgumentException" message="Browser not supported: firefox">
      <![CDATA[java.lang.IllegalArgumentException: Browser not supported: firefox
at webdriver.DriverFactory.init_driver(DriverFactory.java:26)
at hooks.Hooks.launchbrowser(Hooks.java:42)
]]>
    </failure>
  </testcase> <!-- runScenario -->
  <testcase classname="io.cucumber.testng.AbstractTestNGCucumberTests" name="runScenario" time="0.015">
    <failure type="java.lang.IllegalArgumentException" message="Browser not supported: firefox">
      <![CDATA[java.lang.IllegalArgumentException: Browser not supported: firefox
at webdriver.DriverFactory.init_driver(DriverFactory.java:26)
at hooks.Hooks.launchbrowser(Hooks.java:42)
]]>
    </failure>
  </testcase> <!-- runScenario -->
  <testcase classname="io.cucumber.testng.AbstractTestNGCucumberTests" name="runScenario" time="0.012">
    <failure type="java.lang.IllegalArgumentException" message="Browser not supported: firefox">
      <![CDATA[java.lang.IllegalArgumentException: Browser not supported: firefox
at webdriver.DriverFactory.init_driver(DriverFactory.java:26)
at hooks.Hooks.launchbrowser(Hooks.java:42)
]]>
    </failure>
  </testcase> <!-- runScenario -->
  <testcase classname="io.cucumber.testng.AbstractTestNGCucumberTests" name="runScenario" time="0.02">
    <failure type="java.lang.IllegalArgumentException" message="Browser not supported: firefox">
      <![CDATA[java.lang.IllegalArgumentException: Browser not supported: firefox
at webdriver.DriverFactory.init_driver(DriverFactory.java:26)
at hooks.Hooks.launchbrowser(Hooks.java:42)
]]>
    </failure>
  </testcase> <!-- runScenario -->
  <testcase classname="io.cucumber.testng.AbstractTestNGCucumberTests" name="runScenario" time="0.013">
    <failure type="java.lang.IllegalArgumentException" message="Browser not supported: firefox">
      <![CDATA[java.lang.IllegalArgumentException: Browser not supported: firefox
at webdriver.DriverFactory.init_driver(DriverFactory.java:26)
at hooks.Hooks.launchbrowser(Hooks.java:42)
]]>
    </failure>
  </testcase> <!-- runScenario -->
  <testcase classname="io.cucumber.testng.AbstractTestNGCucumberTests" name="runScenario" time="0.014">
    <failure type="java.lang.IllegalArgumentException" message="Browser not supported: firefox">
      <![CDATA[java.lang.IllegalArgumentException: Browser not supported: firefox
at webdriver.DriverFactory.init_driver(DriverFactory.java:26)
at hooks.Hooks.launchbrowser(Hooks.java:42)
]]>
    </failure>
  </testcase> <!-- runScenario -->
  <testcase classname="io.cucumber.testng.AbstractTestNGCucumberTests" name="runScenario" time="0.012">
    <failure type="java.lang.IllegalArgumentException" message="Browser not supported: firefox">
      <![CDATA[java.lang.IllegalArgumentException: Browser not supported: firefox
at webdriver.DriverFactory.init_driver(DriverFactory.java:26)
at hooks.Hooks.launchbrowser(Hooks.java:42)
]]>
    </failure>
  </testcase> <!-- runScenario -->
  <testcase classname="io.cucumber.testng.AbstractTestNGCucumberTests" name="runScenario" time="0.012">
    <failure type="java.lang.IllegalArgumentException" message="Browser not supported: firefox">
      <![CDATA[java.lang.IllegalArgumentException: Browser not supported: firefox
at webdriver.DriverFactory.init_driver(DriverFactory.java:26)
at hooks.Hooks.launchbrowser(Hooks.java:42)
]]>
    </failure>
  </testcase> <!-- runScenario -->
  <testcase classname="io.cucumber.testng.AbstractTestNGCucumberTests" name="runScenario" time="0.009">
    <failure type="java.lang.IllegalArgumentException" message="Browser not supported: firefox">
      <![CDATA[java.lang.IllegalArgumentException: Browser not supported: firefox
at webdriver.DriverFactory.init_driver(DriverFactory.java:26)
at hooks.Hooks.launchbrowser(Hooks.java:42)
]]>
    </failure>
  </testcase> <!-- runScenario -->
  <testcase classname="io.cucumber.testng.AbstractTestNGCucumberTests" name="runScenario" time="0.01">
    <failure type="java.lang.IllegalArgumentException" message="Browser not supported: firefox">
      <![CDATA[java.lang.IllegalArgumentException: Browser not supported: firefox
at webdriver.DriverFactory.init_driver(DriverFactory.java:26)
at hooks.Hooks.launchbrowser(Hooks.java:42)
]]>
    </failure>
  </testcase> <!-- runScenario -->
  <testcase classname="io.cucumber.testng.AbstractTestNGCucumberTests" name="runScenario" time="0.012">
    <failure type="java.lang.IllegalArgumentException" message="Browser not supported: firefox">
      <![CDATA[java.lang.IllegalArgumentException: Browser not supported: firefox
at webdriver.DriverFactory.init_driver(DriverFactory.java:26)
at hooks.Hooks.launchbrowser(Hooks.java:42)
]]>
    </failure>
  </testcase> <!-- runScenario -->
  <testcase classname="io.cucumber.testng.AbstractTestNGCucumberTests" name="runScenario" time="0.013">
    <failure type="java.lang.IllegalArgumentException" message="Browser not supported: firefox">
      <![CDATA[java.lang.IllegalArgumentException: Browser not supported: firefox
at webdriver.DriverFactory.init_driver(DriverFactory.java:26)
at hooks.Hooks.launchbrowser(Hooks.java:42)
]]>
    </failure>
  </testcase> <!-- runScenario -->
  <testcase classname="io.cucumber.testng.AbstractTestNGCucumberTests" name="runScenario" time="0.019">
    <failure type="java.lang.IllegalArgumentException" message="Browser not supported: firefox">
      <![CDATA[java.lang.IllegalArgumentException: Browser not supported: firefox
at webdriver.DriverFactory.init_driver(DriverFactory.java:26)
at hooks.Hooks.launchbrowser(Hooks.java:42)
]]>
    </failure>
  </testcase> <!-- runScenario -->
  <testcase classname="io.cucumber.testng.AbstractTestNGCucumberTests" name="runScenario" time="0.017">
    <failure type="java.lang.IllegalArgumentException" message="Browser not supported: firefox">
      <![CDATA[java.lang.IllegalArgumentException: Browser not supported: firefox
at webdriver.DriverFactory.init_driver(DriverFactory.java:26)
at hooks.Hooks.launchbrowser(Hooks.java:42)
]]>
    </failure>
  </testcase> <!-- runScenario -->
  <testcase classname="io.cucumber.testng.AbstractTestNGCucumberTests" name="runScenario" time="0.012">
    <failure type="java.lang.IllegalArgumentException" message="Browser not supported: firefox">
      <![CDATA[java.lang.IllegalArgumentException: Browser not supported: firefox
at webdriver.DriverFactory.init_driver(DriverFactory.java:26)
at hooks.Hooks.launchbrowser(Hooks.java:42)
]]>
    </failure>
  </testcase> <!-- runScenario -->
  <testcase classname="io.cucumber.testng.AbstractTestNGCucumberTests" name="runScenario" time="0.015">
    <failure type="java.lang.IllegalArgumentException" message="Browser not supported: firefox">
      <![CDATA[java.lang.IllegalArgumentException: Browser not supported: firefox
at webdriver.DriverFactory.init_driver(DriverFactory.java:26)
at hooks.Hooks.launchbrowser(Hooks.java:42)
]]>
    </failure>
  </testcase> <!-- runScenario -->
  <testcase classname="io.cucumber.testng.AbstractTestNGCucumberTests" name="runScenario" time="0.013">
    <failure type="java.lang.IllegalArgumentException" message="Browser not supported: firefox">
      <![CDATA[java.lang.IllegalArgumentException: Browser not supported: firefox
at webdriver.DriverFactory.init_driver(DriverFactory.java:26)
at hooks.Hooks.launchbrowser(Hooks.java:42)
]]>
    </failure>
  </testcase> <!-- runScenario -->
  <testcase classname="io.cucumber.testng.AbstractTestNGCucumberTests" name="runScenario" time="0.019">
    <failure type="java.lang.IllegalArgumentException" message="Browser not supported: firefox">
      <![CDATA[java.lang.IllegalArgumentException: Browser not supported: firefox
at webdriver.DriverFactory.init_driver(DriverFactory.java:26)
at hooks.Hooks.launchbrowser(Hooks.java:42)
]]>
    </failure>
  </testcase> <!-- runScenario -->
  <testcase classname="io.cucumber.testng.AbstractTestNGCucumberTests" name="runScenario" time="0.015">
    <failure type="java.lang.IllegalArgumentException" message="Browser not supported: firefox">
      <![CDATA[java.lang.IllegalArgumentException: Browser not supported: firefox
at webdriver.DriverFactory.init_driver(DriverFactory.java:26)
at hooks.Hooks.launchbrowser(Hooks.java:42)
]]>
    </failure>
  </testcase> <!-- runScenario -->
  <testcase classname="io.cucumber.testng.AbstractTestNGCucumberTests" name="runScenario" time="0.013">
    <failure type="java.lang.IllegalArgumentException" message="Browser not supported: firefox">
      <![CDATA[java.lang.IllegalArgumentException: Browser not supported: firefox
at webdriver.DriverFactory.init_driver(DriverFactory.java:26)
at hooks.Hooks.launchbrowser(Hooks.java:42)
]]>
    </failure>
  </testcase> <!-- runScenario -->
  <testcase classname="io.cucumber.testng.AbstractTestNGCucumberTests" name="runScenario" time="0.016">
    <failure type="java.lang.IllegalArgumentException" message="Browser not supported: firefox">
      <![CDATA[java.lang.IllegalArgumentException: Browser not supported: firefox
at webdriver.DriverFactory.init_driver(DriverFactory.java:26)
at hooks.Hooks.launchbrowser(Hooks.java:42)
]]>
    </failure>
  </testcase> <!-- runScenario -->
  <testcase classname="io.cucumber.testng.AbstractTestNGCucumberTests" name="runScenario" time="0.013">
    <failure type="java.lang.IllegalArgumentException" message="Browser not supported: firefox">
      <![CDATA[java.lang.IllegalArgumentException: Browser not supported: firefox
at webdriver.DriverFactory.init_driver(DriverFactory.java:26)
at hooks.Hooks.launchbrowser(Hooks.java:42)
]]>
    </failure>
  </testcase> <!-- runScenario -->
  <testcase classname="io.cucumber.testng.AbstractTestNGCucumberTests" name="runScenario" time="0.007">
    <failure type="java.lang.IllegalArgumentException" message="Browser not supported: firefox">
      <![CDATA[java.lang.IllegalArgumentException: Browser not supported: firefox
at webdriver.DriverFactory.init_driver(DriverFactory.java:26)
at hooks.Hooks.launchbrowser(Hooks.java:42)
]]>
    </failure>
  </testcase> <!-- runScenario -->
  <testcase classname="io.cucumber.testng.AbstractTestNGCucumberTests" name="runScenario" time="0.007">
    <failure type="java.lang.IllegalArgumentException" message="Browser not supported: firefox">
      <![CDATA[java.lang.IllegalArgumentException: Browser not supported: firefox
at webdriver.DriverFactory.init_driver(DriverFactory.java:26)
at hooks.Hooks.launchbrowser(Hooks.java:42)
]]>
    </failure>
  </testcase> <!-- runScenario -->
  <testcase classname="io.cucumber.testng.AbstractTestNGCucumberTests" name="runScenario" time="0.011">
    <failure type="java.lang.IllegalArgumentException" message="Browser not supported: firefox">
      <![CDATA[java.lang.IllegalArgumentException: Browser not supported: firefox
at webdriver.DriverFactory.init_driver(DriverFactory.java:26)
at hooks.Hooks.launchbrowser(Hooks.java:42)
]]>
    </failure>
  </testcase> <!-- runScenario -->
  <testcase classname="io.cucumber.testng.AbstractTestNGCucumberTests" name="runScenario" time="0.008">
    <failure type="java.lang.IllegalArgumentException" message="Browser not supported: firefox">
      <![CDATA[java.lang.IllegalArgumentException: Browser not supported: firefox
at webdriver.DriverFactory.init_driver(DriverFactory.java:26)
at hooks.Hooks.launchbrowser(Hooks.java:42)
]]>
    </failure>
  </testcase> <!-- runScenario -->
  <testcase classname="io.cucumber.testng.AbstractTestNGCucumberTests" name="runScenario" time="0.007">
    <failure type="java.lang.IllegalArgumentException" message="Browser not supported: firefox">
      <![CDATA[java.lang.IllegalArgumentException: Browser not supported: firefox
at webdriver.DriverFactory.init_driver(DriverFactory.java:26)
at hooks.Hooks.launchbrowser(Hooks.java:42)
]]>
    </failure>
  </testcase> <!-- runScenario -->
  <testcase classname="io.cucumber.testng.AbstractTestNGCucumberTests" name="runScenario" time="0.009">
    <failure type="java.lang.IllegalArgumentException" message="Browser not supported: firefox">
      <![CDATA[java.lang.IllegalArgumentException: Browser not supported: firefox
at webdriver.DriverFactory.init_driver(DriverFactory.java:26)
at hooks.Hooks.launchbrowser(Hooks.java:42)
]]>
    </failure>
  </testcase> <!-- runScenario -->
  <testcase classname="io.cucumber.testng.AbstractTestNGCucumberTests" name="runScenario" time="0.008">
    <failure type="java.lang.IllegalArgumentException" message="Browser not supported: firefox">
      <![CDATA[java.lang.IllegalArgumentException: Browser not supported: firefox
at webdriver.DriverFactory.init_driver(DriverFactory.java:26)
at hooks.Hooks.launchbrowser(Hooks.java:42)
]]>
    </failure>
  </testcase> <!-- runScenario -->
  <testcase classname="io.cucumber.testng.AbstractTestNGCucumberTests" name="runScenario" time="0.013">
    <failure type="java.lang.IllegalArgumentException" message="Browser not supported: firefox">
      <![CDATA[java.lang.IllegalArgumentException: Browser not supported: firefox
at webdriver.DriverFactory.init_driver(DriverFactory.java:26)
at hooks.Hooks.launchbrowser(Hooks.java:42)
]]>
    </failure>
  </testcase> <!-- runScenario -->
  <testcase classname="io.cucumber.testng.AbstractTestNGCucumberTests" name="runScenario" time="0.008">
    <failure type="java.lang.IllegalArgumentException" message="Browser not supported: firefox">
      <![CDATA[java.lang.IllegalArgumentException: Browser not supported: firefox
at webdriver.DriverFactory.init_driver(DriverFactory.java:26)
at hooks.Hooks.launchbrowser(Hooks.java:42)
]]>
    </failure>
  </testcase> <!-- runScenario -->
  <testcase classname="io.cucumber.testng.AbstractTestNGCucumberTests" name="runScenario" time="0.014">
    <failure type="java.lang.IllegalArgumentException" message="Browser not supported: firefox">
      <![CDATA[java.lang.IllegalArgumentException: Browser not supported: firefox
at webdriver.DriverFactory.init_driver(DriverFactory.java:26)
at hooks.Hooks.launchbrowser(Hooks.java:42)
]]>
    </failure>
  </testcase> <!-- runScenario -->
  <testcase classname="io.cucumber.testng.AbstractTestNGCucumberTests" name="runScenario" time="0.02">
    <failure type="java.lang.IllegalArgumentException" message="Browser not supported: firefox">
      <![CDATA[java.lang.IllegalArgumentException: Browser not supported: firefox
at webdriver.DriverFactory.init_driver(DriverFactory.java:26)
at hooks.Hooks.launchbrowser(Hooks.java:42)
]]>
    </failure>
  </testcase> <!-- runScenario -->
  <testcase classname="io.cucumber.testng.AbstractTestNGCucumberTests" name="runScenario" time="0.017">
    <failure type="java.lang.IllegalArgumentException" message="Browser not supported: firefox">
      <![CDATA[java.lang.IllegalArgumentException: Browser not supported: firefox
at webdriver.DriverFactory.init_driver(DriverFactory.java:26)
at hooks.Hooks.launchbrowser(Hooks.java:42)
]]>
    </failure>
  </testcase> <!-- runScenario -->
  <testcase classname="io.cucumber.testng.AbstractTestNGCucumberTests" name="runScenario" time="0.011">
    <failure type="java.lang.IllegalArgumentException" message="Browser not supported: firefox">
      <![CDATA[java.lang.IllegalArgumentException: Browser not supported: firefox
at webdriver.DriverFactory.init_driver(DriverFactory.java:26)
at hooks.Hooks.launchbrowser(Hooks.java:42)
]]>
    </failure>
  </testcase> <!-- runScenario -->
  <testcase classname="io.cucumber.testng.AbstractTestNGCucumberTests" name="runScenario" time="0.012">
    <failure type="java.lang.IllegalArgumentException" message="Browser not supported: firefox">
      <![CDATA[java.lang.IllegalArgumentException: Browser not supported: firefox
at webdriver.DriverFactory.init_driver(DriverFactory.java:26)
at hooks.Hooks.launchbrowser(Hooks.java:42)
]]>
    </failure>
  </testcase> <!-- runScenario -->
  <testcase classname="io.cucumber.testng.AbstractTestNGCucumberTests" name="runScenario" time="0.01">
    <failure type="java.lang.IllegalArgumentException" message="Browser not supported: firefox">
      <![CDATA[java.lang.IllegalArgumentException: Browser not supported: firefox
at webdriver.DriverFactory.init_driver(DriverFactory.java:26)
at hooks.Hooks.launchbrowser(Hooks.java:42)
]]>
    </failure>
  </testcase> <!-- runScenario -->
  <testcase classname="io.cucumber.testng.AbstractTestNGCucumberTests" name="runScenario" time="0.008">
    <failure type="java.lang.IllegalArgumentException" message="Browser not supported: firefox">
      <![CDATA[java.lang.IllegalArgumentException: Browser not supported: firefox
at webdriver.DriverFactory.init_driver(DriverFactory.java:26)
at hooks.Hooks.launchbrowser(Hooks.java:42)
]]>
    </failure>
  </testcase> <!-- runScenario -->
  <testcase classname="io.cucumber.testng.AbstractTestNGCucumberTests" name="runScenario" time="0.009">
    <failure type="java.lang.IllegalArgumentException" message="Browser not supported: firefox">
      <![CDATA[java.lang.IllegalArgumentException: Browser not supported: firefox
at webdriver.DriverFactory.init_driver(DriverFactory.java:26)
at hooks.Hooks.launchbrowser(Hooks.java:42)
]]>
    </failure>
  </testcase> <!-- runScenario -->
  <testcase classname="io.cucumber.testng.AbstractTestNGCucumberTests" name="runScenario" time="0.01">
    <failure type="java.lang.IllegalArgumentException" message="Browser not supported: firefox">
      <![CDATA[java.lang.IllegalArgumentException: Browser not supported: firefox
at webdriver.DriverFactory.init_driver(DriverFactory.java:26)
at hooks.Hooks.launchbrowser(Hooks.java:42)
]]>
    </failure>
  </testcase> <!-- runScenario -->
  <testcase classname="io.cucumber.testng.AbstractTestNGCucumberTests" name="runScenario" time="0.011">
    <failure type="java.lang.IllegalArgumentException" message="Browser not supported: firefox">
      <![CDATA[java.lang.IllegalArgumentException: Browser not supported: firefox
at webdriver.DriverFactory.init_driver(DriverFactory.java:26)
at hooks.Hooks.launchbrowser(Hooks.java:42)
]]>
    </failure>
  </testcase> <!-- runScenario -->
  <testcase classname="io.cucumber.testng.AbstractTestNGCucumberTests" name="runScenario" time="0.01">
    <failure type="java.lang.IllegalArgumentException" message="Browser not supported: firefox">
      <![CDATA[java.lang.IllegalArgumentException: Browser not supported: firefox
at webdriver.DriverFactory.init_driver(DriverFactory.java:26)
at hooks.Hooks.launchbrowser(Hooks.java:42)
]]>
    </failure>
  </testcase> <!-- runScenario -->
[...]
  <testcase classname="io.cucumber.testng.AbstractTestNGCucumberTests" name="runScenario" time="0.018">
    <failure type="java.lang.IllegalArgumentException" message="Browser not supported: firefox">
      <![CDATA[java.lang.IllegalArgumentException: Browser not supported: firefox
at webdriver.DriverFactory.init_driver(DriverFactory.java:26)
at hooks.Hooks.launchbrowser(Hooks.java:42)
]]>
    </failure>
  </testcase> <!-- runScenario -->
  <testcase classname="io.cucumber.testng.AbstractTestNGCucumberTests" name="runScenario" time="0.016">
    <failure type="java.lang.IllegalArgumentException" message="Browser not supported: firefox">
      <![CDATA[java.lang.IllegalArgumentException: Browser not supported: firefox
at webdriver.DriverFactory.init_driver(DriverFactory.java:26)
at hooks.Hooks.launchbrowser(Hooks.java:42)
]]>
    </failure>
  </testcase> <!-- runScenario -->
  <testcase classname="io.cucumber.testng.AbstractTestNGCucumberTests" name="runScenario" time="0.012">
    <failure type="java.lang.IllegalArgumentException" message="Browser not supported: firefox">
      <![CDATA[java.lang.IllegalArgumentException: Browser not supported: firefox
at webdriver.DriverFactory.init_driver(DriverFactory.java:26)
at hooks.Hooks.launchbrowser(Hooks.java:42)
]]>
    </failure>
  </testcase> <!-- runScenario -->
  <testcase classname="io.cucumber.testng.AbstractTestNGCucumberTests" name="runScenario" time="0.012">
    <failure type="java.lang.IllegalArgumentException" message="Browser not supported: firefox">
      <![CDATA[java.lang.IllegalArgumentException: Browser not supported: firefox
at webdriver.DriverFactory.init_driver(DriverFactory.java:26)
at hooks.Hooks.launchbrowser(Hooks.java:42)
]]>
    </failure>
  </testcase> <!-- runScenario -->
  <testcase classname="io.cucumber.testng.AbstractTestNGCucumberTests" name="runScenario" time="0.01">
    <failure type="java.lang.IllegalArgumentException" message="Browser not supported: firefox">
      <![CDATA[java.lang.IllegalArgumentException: Browser not supported: firefox
at webdriver.DriverFactory.init_driver(DriverFactory.java:26)
at hooks.Hooks.launchbrowser(Hooks.java:42)
]]>
    </failure>
  </testcase> <!-- runScenario -->
  <testcase classname="io.cucumber.testng.AbstractTestNGCucumberTests" name="runScenario" time="0.012">
    <failure type="java.lang.IllegalArgumentException" message="Browser not supported: firefox">
      <![CDATA[java.lang.IllegalArgumentException: Browser not supported: firefox
at webdriver.DriverFactory.init_driver(DriverFactory.java:26)
at hooks.Hooks.launchbrowser(Hooks.java:42)
]]>
    </failure>
  </testcase> <!-- runScenario -->
  <testcase classname="io.cucumber.testng.AbstractTestNGCucumberTests" name="runScenario" time="0.011">
    <failure type="java.lang.IllegalArgumentException" message="Browser not supported: firefox">
      <![CDATA[java.lang.IllegalArgumentException: Browser not supported: firefox
at webdriver.DriverFactory.init_driver(DriverFactory.java:26)
at hooks.Hooks.launchbrowser(Hooks.java:42)
]]>
    </failure>
  </testcase> <!-- runScenario -->
  <testcase classname="io.cucumber.testng.AbstractTestNGCucumberTests" name="runScenario" time="0.011">
    <failure type="java.lang.IllegalArgumentException" message="Browser not supported: firefox">
      <![CDATA[java.lang.IllegalArgumentException: Browser not supported: firefox
at webdriver.DriverFactory.init_driver(DriverFactory.java:26)
at hooks.Hooks.launchbrowser(Hooks.java:42)
]]>
    </failure>
  </testcase> <!-- runScenario -->
  <testcase classname="io.cucumber.testng.AbstractTestNGCucumberTests" name="runScenario" time="0.015">
    <failure type="java.lang.IllegalArgumentException" message="Browser not supported: firefox">
      <![CDATA[java.lang.IllegalArgumentException: Browser not supported: firefox
at webdriver.DriverFactory.init_driver(DriverFactory.java:26)
at hooks.Hooks.launchbrowser(Hooks.java:42)
]]>
    </failure>
  </testcase> <!-- runScenario -->
  <testcase classname="io.cucumber.testng.AbstractTestNGCucumberTests" name="runScenario" time="0.017">
    <failure type="java.lang.IllegalArgumentException" message="Browser not supported: firefox">
      <![CDATA[java.lang.IllegalArgumentException: Browser not supported: firefox
at webdriver.DriverFactory.init_driver(DriverFactory.java:26)
at hooks.Hooks.launchbrowser(Hooks.java:42)
]]>
    </failure>
  </testcase> <!-- runScenario -->
  <testcase classname="io.cucumber.testng.AbstractTestNGCucumberTests" name="runScenario" time="0.017">
    <failure type="java.lang.IllegalArgumentException" message="Browser not supported: firefox">
      <![CDATA[java.lang.IllegalArgumentException: Browser not supported: firefox
at webdriver.DriverFactory.init_driver(DriverFactory.java:26)
at hooks.Hooks.launchbrowser(Hooks.java:42)
]]>
    </failure>
  </testcase> <!-- runScenario -->
  <testcase classname="io.cucumber.testng.AbstractTestNGCucumberTests" name="runScenario" time="0.019">
    <failure type="java.lang.IllegalArgumentException" message="Browser not supported: firefox">
      <![CDATA[java.lang.IllegalArgumentException: Browser not supported: firefox
at webdriver.DriverFactory.init_driver(DriverFactory.java:26)
at hooks.Hooks.launchbrowser(Hooks.java:42)
]]>
    </failure>
  </testcase> <!-- runScenario -->
  <testcase classname="io.cucumber.testng.AbstractTestNGCucumberTests" name="runScenario" time="0.019">
    <failure type="java.lang.IllegalArgumentException" message="Browser not supported: firefox">
      <![CDATA[java.lang.IllegalArgumentException: Browser not supported: firefox
at webdriver.DriverFactory.init_driver(DriverFactory.java:26)
at hooks.Hooks.launchbrowser(Hooks.java:42)
]]>
    </failure>
  </testcase> <!-- runScenario -->
  <testcase classname="io.cucumber.testng.AbstractTestNGCucumberTests" name="runScenario" time="0.02">
    <failure type="java.lang.IllegalArgumentException" message="Browser not supported: firefox">
      <![CDATA[java.lang.IllegalArgumentException: Browser not supported: firefox
at webdriver.DriverFactory.init_driver(DriverFactory.java:26)
at hooks.Hooks.launchbrowser(Hooks.java:42)
]]>
    </failure>
  </testcase> <!-- runScenario -->
  <testcase classname="io.cucumber.testng.AbstractTestNGCucumberTests" name="runScenario" time="0.017">
    <failure type="java.lang.IllegalArgumentException" message="Browser not supported: firefox">
      <![CDATA[java.lang.IllegalArgumentException: Browser not supported: firefox
at webdriver.DriverFactory.init_driver(DriverFactory.java:26)
at hooks.Hooks.launchbrowser(Hooks.java:42)
]]>
    </failure>
  </testcase> <!-- runScenario -->
  <testcase classname="io.cucumber.testng.AbstractTestNGCucumberTests" name="runScenario" time="0.015">
    <failure type="java.lang.IllegalArgumentException" message="Browser not supported: firefox">
      <![CDATA[java.lang.IllegalArgumentException: Browser not supported: firefox
at webdriver.DriverFactory.init_driver(DriverFactory.java:26)
at hooks.Hooks.launchbrowser(Hooks.java:42)
]]>
    </failure>
  </testcase> <!-- runScenario -->
  <testcase classname="io.cucumber.testng.AbstractTestNGCucumberTests" name="runScenario" time="0.013">
    <failure type="java.lang.IllegalArgumentException" message="Browser not supported: firefox">
      <![CDATA[java.lang.IllegalArgumentException: Browser not supported: firefox
at webdriver.DriverFactory.init_driver(DriverFactory.java:26)
at hooks.Hooks.launchbrowser(Hooks.java:42)
]]>
    </failure>
  </testcase> <!-- runScenario -->
  <testcase classname="io.cucumber.testng.AbstractTestNGCucumberTests" name="runScenario" time="0.01">
    <failure type="java.lang.IllegalArgumentException" message="Browser not supported: firefox">
      <![CDATA[java.lang.IllegalArgumentException: Browser not supported: firefox
at webdriver.DriverFactory.init_driver(DriverFactory.java:26)
at hooks.Hooks.launchbrowser(Hooks.java:42)
]]>
    </failure>
  </testcase> <!-- runScenario -->
  <testcase classname="io.cucumber.testng.AbstractTestNGCucumberTests" name="runScenario" time="0.009">
    <failure type="java.lang.IllegalArgumentException" message="Browser not supported: firefox">
      <![CDATA[java.lang.IllegalArgumentException: Browser not supported: firefox
at webdriver.DriverFactory.init_driver(DriverFactory.java:26)
at hooks.Hooks.launchbrowser(Hooks.java:42)
]]>
    </failure>
  </testcase> <!-- runScenario -->
  <testcase classname="io.cucumber.testng.AbstractTestNGCucumberTests" name="runScenario" time="0.011">
    <failure type="java.lang.IllegalArgumentException" message="Browser not supported: firefox">
      <![CDATA[java.lang.IllegalArgumentException: Browser not supported: firefox
at webdriver.DriverFactory.init_driver(DriverFactory.java:26)
at hooks.Hooks.launchbrowser(Hooks.java:42)
]]>
    </failure>
  </testcase> <!-- runScenario -->
  <testcase classname="io.cucumber.testng.AbstractTestNGCucumberTests" name="runScenario" time="0.007">
    <failure type="java.lang.IllegalArgumentException" message="Browser not supported: firefox">
      <![CDATA[java.lang.IllegalArgumentException: Browser not supported: firefox
at webdriver.DriverFactory.init_driver(DriverFactory.java:26)
at hooks.Hooks.launchbrowser(Hooks.java:42)
]]>
    </failure>
  </testcase> <!-- runScenario -->
  <testcase classname="io.cucumber.testng.AbstractTestNGCucumberTests" name="runScenario" time="0.009">
    <failure type="java.lang.IllegalArgumentException" message="Browser not supported: firefox">
      <![CDATA[java.lang.IllegalArgumentException: Browser not supported: firefox
at webdriver.DriverFactory.init_driver(DriverFactory.java:26)
at hooks.Hooks.launchbrowser(Hooks.java:42)
]]>
    </failure>
  </testcase> <!-- runScenario -->
  <testcase classname="io.cucumber.testng.AbstractTestNGCucumberTests" name="runScenario" time="0.008">
    <failure type="java.lang.IllegalArgumentException" message="Browser not supported: firefox">
      <![CDATA[java.lang.IllegalArgumentException: Browser not supported: firefox
at webdriver.DriverFactory.init_driver(DriverFactory.java:26)
at hooks.Hooks.launchbrowser(Hooks.java:42)
]]>
    </failure>
  </testcase> <!-- runScenario -->
  <testcase classname="io.cucumber.testng.AbstractTestNGCucumberTests" name="runScenario" time="0.009">
    <failure type="java.lang.IllegalArgumentException" message="Browser not supported: firefox">
      <![CDATA[java.lang.IllegalArgumentException: Browser not supported: firefox
at webdriver.DriverFactory.init_driver(DriverFactory.java:26)
at hooks.Hooks.launchbrowser(Hooks.java:42)
]]>
    </failure>
  </testcase> <!-- runScenario -->
  <testcase classname="io.cucumber.testng.AbstractTestNGCucumberTests" name="runScenario" time="0.011">
    <failure type="java.lang.IllegalArgumentException" message="Browser not supported: firefox">
      <![CDATA[java.lang.IllegalArgumentException: Browser not supported: firefox
at webdriver.DriverFactory.init_driver(DriverFactory.java:26)
at hooks.Hooks.launchbrowser(Hooks.java:42)
]]>
    </failure>
  </testcase> <!-- runScenario -->
  <testcase classname="io.cucumber.testng.AbstractTestNGCucumberTests" name="runScenario" time="0.009">
    <failure type="java.lang.IllegalArgumentException" message="Browser not supported: firefox">
      <![CDATA[java.lang.IllegalArgumentException: Browser not supported: firefox
at webdriver.DriverFactory.init_driver(DriverFactory.java:26)
at hooks.Hooks.launchbrowser(Hooks.java:42)
]]>
    </failure>
  </testcase> <!-- runScenario -->
  <testcase classname="io.cucumber.testng.AbstractTestNGCucumberTests" name="runScenario" time="0.01">
    <failure type="java.lang.IllegalArgumentException" message="Browser not supported: firefox">
      <![CDATA[java.lang.IllegalArgumentException: Browser not supported: firefox
at webdriver.DriverFactory.init_driver(DriverFactory.java:26)
at hooks.Hooks.launchbrowser(Hooks.java:42)
]]>
    </failure>
  </testcase> <!-- runScenario -->
  <testcase classname="io.cucumber.testng.AbstractTestNGCucumberTests" name="runScenario" time="0.006">
    <failure type="java.lang.IllegalArgumentException" message="Browser not supported: firefox">
      <![CDATA[java.lang.IllegalArgumentException: Browser not supported: firefox
at webdriver.DriverFactory.init_driver(DriverFactory.java:26)
at hooks.Hooks.launchbrowser(Hooks.java:42)
]]>
    </failure>
  </testcase> <!-- runScenario -->
  <testcase classname="io.cucumber.testng.AbstractTestNGCucumberTests" name="runScenario" time="0.007">
    <failure type="java.lang.IllegalArgumentException" message="Browser not supported: firefox">
      <![CDATA[java.lang.IllegalArgumentException: Browser not supported: firefox
at webdriver.DriverFactory.init_driver(DriverFactory.java:26)
at hooks.Hooks.launchbrowser(Hooks.java:42)
]]>
    </failure>
  </testcase> <!-- runScenario -->
  <testcase classname="io.cucumber.testng.AbstractTestNGCucumberTests" name="runScenario" time="0.009">
    <failure type="java.lang.IllegalArgumentException" message="Browser not supported: firefox">
      <![CDATA[java.lang.IllegalArgumentException: Browser not supported: firefox
at webdriver.DriverFactory.init_driver(DriverFactory.java:26)
at hooks.Hooks.launchbrowser(Hooks.java:42)
]]>
    </failure>
  </testcase> <!-- runScenario -->
  <testcase classname="io.cucumber.testng.AbstractTestNGCucumberTests" name="runScenario" time="0.006">
    <failure type="java.lang.IllegalArgumentException" message="Browser not supported: firefox">
      <![CDATA[java.lang.IllegalArgumentException: Browser not supported: firefox
at webdriver.DriverFactory.init_driver(DriverFactory.java:26)
at hooks.Hooks.launchbrowser(Hooks.java:42)
]]>
    </failure>
  </testcase> <!-- runScenario -->
  <testcase classname="io.cucumber.testng.AbstractTestNGCucumberTests" name="runScenario" time="0.009">
    <failure type="java.lang.IllegalArgumentException" message="Browser not supported: firefox">
      <![CDATA[java.lang.IllegalArgumentException: Browser not supported: firefox
at webdriver.DriverFactory.init_driver(DriverFactory.java:26)
at hooks.Hooks.launchbrowser(Hooks.java:42)
]]>
    </failure>
  </testcase> <!-- runScenario -->
  <testcase classname="io.cucumber.testng.AbstractTestNGCucumberTests" name="runScenario" time="0.007">
    <failure type="java.lang.IllegalArgumentException" message="Browser not supported: firefox">
      <![CDATA[java.lang.IllegalArgumentException: Browser not supported: firefox
at webdriver.DriverFactory.init_driver(DriverFactory.java:26)
at hooks.Hooks.launchbrowser(Hooks.java:42)
]]>
    </failure>
  </testcase> <!-- runScenario -->
  <testcase classname="io.cucumber.testng.AbstractTestNGCucumberTests" name="runScenario" time="0.006">
    <failure type="java.lang.IllegalArgumentException" message="Browser not supported: firefox">
      <![CDATA[java.lang.IllegalArgumentException: Browser not supported: firefox
at webdriver.DriverFactory.init_driver(DriverFactory.java:26)
at hooks.Hooks.launchbrowser(Hooks.java:42)
]]>
    </failure>
  </testcase> <!-- runScenario -->
  <testcase classname="io.cucumber.testng.AbstractTestNGCucumberTests" name="runScenario" time="0.006">
    <failure type="java.lang.IllegalArgumentException" message="Browser not supported: firefox">
      <![CDATA[java.lang.IllegalArgumentException: Browser not supported: firefox
at webdriver.DriverFactory.init_driver(DriverFactory.java:26)
at hooks.Hooks.launchbrowser(Hooks.java:42)
]]>
    </failure>
  </testcase> <!-- runScenario -->
  <testcase classname="io.cucumber.testng.AbstractTestNGCucumberTests" name="runScenario" time="0.008">
    <failure type="java.lang.IllegalArgumentException" message="Browser not supported: firefox">
      <![CDATA[java.lang.IllegalArgumentException: Browser not supported: firefox
at webdriver.DriverFactory.init_driver(DriverFactory.java:26)
at hooks.Hooks.launchbrowser(Hooks.java:42)
]]>
    </failure>
  </testcase> <!-- runScenario -->
  <testcase classname="io.cucumber.testng.AbstractTestNGCucumberTests" name="runScenario" time="0.008">
    <failure type="java.lang.IllegalArgumentException" message="Browser not supported: firefox">
      <![CDATA[java.lang.IllegalArgumentException: Browser not supported: firefox
at webdriver.DriverFactory.init_driver(DriverFactory.java:26)
at hooks.Hooks.launchbrowser(Hooks.java:42)
]]>
    </failure>
  </testcase> <!-- runScenario -->
  <testcase classname="io.cucumber.testng.AbstractTestNGCucumberTests" name="runScenario" time="0.009">
    <failure type="java.lang.IllegalArgumentException" message="Browser not supported: firefox">
      <![CDATA[java.lang.IllegalArgumentException: Browser not supported: firefox
at webdriver.DriverFactory.init_driver(DriverFactory.java:26)
at hooks.Hooks.launchbrowser(Hooks.java:42)
]]>
    </failure>
  </testcase> <!-- runScenario -->
  <testcase classname="io.cucumber.testng.AbstractTestNGCucumberTests" name="runScenario" time="0.008">
    <failure type="java.lang.IllegalArgumentException" message="Browser not supported: firefox">
      <![CDATA[java.lang.IllegalArgumentException: Browser not supported: firefox
at webdriver.DriverFactory.init_driver(DriverFactory.java:26)
at hooks.Hooks.launchbrowser(Hooks.java:42)
]]>
    </failure>
  </testcase> <!-- runScenario -->
  <testcase classname="io.cucumber.testng.AbstractTestNGCucumberTests" name="runScenario" time="0.008">
    <failure type="java.lang.IllegalArgumentException" message="Browser not supported: firefox">
      <![CDATA[java.lang.IllegalArgumentException: Browser not supported: firefox
at webdriver.DriverFactory.init_driver(DriverFactory.java:26)
at hooks.Hooks.launchbrowser(Hooks.java:42)
]]>
    </failure>
  </testcase> <!-- runScenario -->
  <testcase classname="io.cucumber.testng.AbstractTestNGCucumberTests" name="runScenario" time="0.009">
    <failure type="java.lang.IllegalArgumentException" message="Browser not supported: firefox">
      <![CDATA[java.lang.IllegalArgumentException: Browser not supported: firefox
at webdriver.DriverFactory.init_driver(DriverFactory.java:26)
at hooks.Hooks.launchbrowser(Hooks.java:42)
]]>
    </failure>
  </testcase> <!-- runScenario -->
  <testcase classname="io.cucumber.testng.AbstractTestNGCucumberTests" name="runScenario" time="0.008">
    <failure type="java.lang.IllegalArgumentException" message="Browser not supported: firefox">
      <![CDATA[java.lang.IllegalArgumentException: Browser not supported: firefox
at webdriver.DriverFactory.init_driver(DriverFactory.java:26)
at hooks.Hooks.launchbrowser(Hooks.java:42)
]]>
    </failure>
  </testcase> <!-- runScenario -->
  <testcase classname="io.cucumber.testng.AbstractTestNGCucumberTests" name="runScenario" time="0.008">
    <failure type="java.lang.IllegalArgumentException" message="Browser not supported: firefox">
      <![CDATA[java.lang.IllegalArgumentException: Browser not supported: firefox
at webdriver.DriverFactory.init_driver(DriverFactory.java:26)
at hooks.Hooks.launchbrowser(Hooks.java:42)
]]>
    </failure>
  </testcase> <!-- runScenario -->
  <testcase classname="io.cucumber.testng.AbstractTestNGCucumberTests" name="runScenario" time="0.006">
    <failure type="java.lang.IllegalArgumentException" message="Browser not supported: firefox">
      <![CDATA[java.lang.IllegalArgumentException: Browser not supported: firefox
at webdriver.DriverFactory.init_driver(DriverFactory.java:26)
at hooks.Hooks.launchbrowser(Hooks.java:42)
]]>
    </failure>
  </testcase> <!-- runScenario -->
  <testcase classname="io.cucumber.testng.AbstractTestNGCucumberTests" name="runScenario" time="0.007">
    <failure type="java.lang.IllegalArgumentException" message="Browser not supported: firefox">
      <![CDATA[java.lang.IllegalArgumentException: Browser not supported: firefox
at webdriver.DriverFactory.init_driver(DriverFactory.java:26)
at hooks.Hooks.launchbrowser(Hooks.java:42)
]]>
    </failure>
  </testcase> <!-- runScenario -->
</testsuite> <!-- FirefoxTest -->
